#
# A fatal error has been detected by the Java Runtime Environment:
#
#  Internal Error (jvmciRuntime.cpp:1609), pid=20, tid=35
#  fatal error: Fatal exception in JVMCI: Error calling jdk.vm.ci.services.Services.serializeSavedProperties
#
# JRE version: OpenJDK Runtime Environment GraalVM CE 22.3.0 (17.0.5+8) (build 17.0.5+8-jvmci-22.3-b08)
# Java VM: OpenJDK 64-Bit Server VM GraalVM CE 22.3.0 (17.0.5+8-jvmci-22.3-b08, mixed mode, sharing, tiered, jvmci, jvmci compiler, compressed oops, compressed class ptrs, parallel gc, linux-amd64)
# Problematic frame:
# V  [libjvm.so+0x972714]  JVMCIRuntime::fatal_exception(JVMCIEnv*, char const*)+0x74
#
# Core dump will be written. Default location: Core dumps may be processed with "/usr/share/apport/apport -p%p -s%s -c%c -d%d -P%P -u%u -g%g -- %E" (or dumping to /home/runner/APCSA-StevenW/core.20)
#
# If you would like to submit a bug report, please visit:
#   https://github.com/oracle/graal/issues
#

---------------  S U M M A R Y ------------

Command Line: -XX:ThreadPriorityPolicy=1 -XX:+UnlockExperimentalVMOptions -XX:+EnableJVMCIProduct -XX:JVMCIThreadsPerNativeLibraryRuntime=1 -XX:-UnlockExperimentalVMOptions -Declipse.application=org.eclipse.jdt.ls.core.id1 -Dosgi.bundles.defaultStartLevel=4 -Declipse.product=org.eclipse.jdt.ls.core.product -Dlog.level=ALL -Xverify:none -XX:+UseParallelGC -XX:GCTimeRatio=4 -XX:AdaptiveSizePolicyWeight=90 -Dsun.zip.disableMemoryMapping=true -Xmx512m -Xms100m /nix/store/m6gcpi1ii6rghy04cjwjddcavv7i90df-jdt-language-server-1.9.0/share/java/plugins/org.eclipse.equinox.launcher_1.6.400.v20210924-0641.jar --add-modules=ALL-SYSTEM --add-opens java.base/java.util=ALL-UNNAMED --add-opens java.base/java.lang=ALL-UNNAMED -configuration /home/runner/.cache/jdt-language-server/config -data /home/runner/.cache/jdt-language-server/data/home/runner/APCSA-StevenW

Host: AMD EPYC 7B12, 8 cores, 1G, Ubuntu 20.04.2 LTS
Time: Sat Aug 26 04:58:47 2023 UTC elapsed time: 1394.325072 seconds (0d 0h 23m 14s)

---------------  T H R E A D  ---------------

Current thread (0x00007fab240b21e0):  JavaThread "JVMCI-native CompilerThread0" daemon [_thread_in_vm, id=35, stack(0x00007fab09700000,0x00007fab09900000)]


Current CompileTask:
JVMCI-native:1394325 10053 %     4       java.net.URI$Parser::scan @ 3 (76 bytes)

Stack: [0x00007fab09700000,0x00007fab09900000],  sp=0x00007fab098fe380,  free space=2040k
Native frames: (J=compiled Java code, j=interpreted, Vv=VM code, C=native code)
V  [libjvm.so+0x972714]  JVMCIRuntime::fatal_exception(JVMCIEnv*, char const*)+0x74
V  [libjvm.so+0x93e2fe]  JVMCIEnv::copy_saved_properties()+0x14e
V  [libjvm.so+0x9732a9]  JVMCIRuntime::initialize(JVMCIEnv*)+0xb19
V  [libjvm.so+0x9738a2]  JVMCIRuntime::get_HotSpotJVMCIRuntime(JVMCIEnv*)+0x12
V  [libjvm.so+0x9749f2]  JVMCIRuntime::compile_method(JVMCIEnv*, JVMCICompiler*, methodHandle const&, int)+0xd2
V  [libjvm.so+0x5b0d20]  CompileBroker::invoke_compiler_on_method(CompileTask*)+0x1470
V  [libjvm.so+0x5b12e8]  CompileBroker::compiler_thread_loop()+0x528
V  [libjvm.so+0xd82460]  JavaThread::thread_main_inner()+0xd0
V  [libjvm.so+0xd85a40]  Thread::call_run()+0xc0
V  [libjvm.so+0xbdb1e1]  thread_native_entry(Thread*)+0xe1

Register to memory mapping:

RAX=0x00007fab293b7000 points into unknown readable memory: 0x0000000000000058 | 58 00 00 00 00 00 00 00
RBX=0x00007fab2a4b2398: <offset 0x0000000000ef5398> in /nix/store/gpxl5qgg8kicmcvivwmybwjlpf7wh20l-graalvm17-ce-22.3.0/lib/server/libjvm.so at 0x00007fab295bd000
RCX=0x00007fab2a46a1e8: <offset 0x0000000000ead1e8> in /nix/store/gpxl5qgg8kicmcvivwmybwjlpf7wh20l-graalvm17-ce-22.3.0/lib/server/libjvm.so at 0x00007fab295bd000
RDX=0x0000000000000649 is an unknown value
RSP=0x00007fab098fe380 is pointing into the stack for thread: 0x00007fab240b21e0
RBP=0x00007fab098fe3a0 is pointing into the stack for thread: 0x00007fab240b21e0
RSI=0x00007fab2a4b2c48: <offset 0x0000000000ef5c48> in /nix/store/gpxl5qgg8kicmcvivwmybwjlpf7wh20l-graalvm17-ce-22.3.0/lib/server/libjvm.so at 0x00007fab295bd000
RDI=0x00000000e0000000 is an oop: java.lang.String 
{0x00000000e0000000} - klass: 'java/lang/String'
 - string: "resolution"
R8 =0x00007fab2a4b2398: <offset 0x0000000000ef5398> in /nix/store/gpxl5qgg8kicmcvivwmybwjlpf7wh20l-graalvm17-ce-22.3.0/lib/server/libjvm.so at 0x00007fab295bd000
R9 =0x00007fab098fe330 is pointing into the stack for thread: 0x00007fab240b21e0
R10=0x00007fab098ff948 is pointing into the stack for thread: 0x00007fab240b21e0
R11=0x0000000000000293 is an unknown value
R12=0x0 is NULL
R13=0x00007fab240b21e0 is a thread
R14=0x00007fab24000b80 points into unknown readable memory: 0x00007fab2a6e3a38 | 38 3a 6e 2a ab 7f 00 00
R15=0x00007fab2a7f1e40: <offset 0x0000000001234e40> in /nix/store/gpxl5qgg8kicmcvivwmybwjlpf7wh20l-graalvm17-ce-22.3.0/lib/server/libjvm.so at 0x00007fab295bd000


Registers:
RAX=0x00007fab293b7000, RBX=0x00007fab2a4b2398, RCX=0x00007fab2a46a1e8, RDX=0x0000000000000649
RSP=0x00007fab098fe380, RBP=0x00007fab098fe3a0, RSI=0x00007fab2a4b2c48, RDI=0x00000000e0000000
R8 =0x00007fab2a4b2398, R9 =0x00007fab098fe330, R10=0x00007fab098ff948, R11=0x0000000000000293
R12=0x0000000000000000, R13=0x00007fab240b21e0, R14=0x00007fab24000b80, R15=0x00007fab2a7f1e40
RIP=0x00007fab29f2f714, EFLAGS=0x0000000000010206, CSGSFS=0x002b000000000033, ERR=0x0000000000000006
  TRAPNO=0x000000000000000e

Top of Stack: (sp=0x00007fab098fe380)
0x00007fab098fe380:   00007fab098fe940 00007fab240b21e0
0x00007fab098fe390:   00007fab28d488c8 0000000800c417a0
0x00007fab098fe3a0:   00007fab098fe500 00007fab29efb2fe
0x00007fab098fe3b0:   00007fab098fe3e0 00007fab098fe440 

Instructions: (pc=0x00007fab29f2f714)
0x00007fab29f2f614:   30 e8 f6 cf e8 ff 4c 89 e7 e8 2e 48 d1 ff 84 db
0x00007fab29f2f624:   75 2a 4d 85 ed 74 04 4d 8b 6d 00 48 83 c4 08 44
0x00007fab29f2f634:   89 f9 4c 89 f2 4c 89 ee 5b 4c 89 e7 41 5c 41 5d
0x00007fab29f2f644:   41 5e 41 5f 5d e9 e2 47 d1 ff 66 90 48 83 c4 08
0x00007fab29f2f654:   5b 41 5c 41 5d 41 5e 41 5f 5d c3 90 31 d2 be 08
0x00007fab29f2f664:   00 00 00 4c 89 ff e8 b1 78 a3 ff 49 89 c5 e9 37
0x00007fab29f2f674:   ff ff ff 66 0f 1f 84 00 00 00 00 00 48 8b 7a 08
0x00007fab29f2f684:   e9 6d ff ff ff 0f 1f 80 00 00 00 00 e8 5b 48 0a
0x00007fab29f2f694:   00 84 c0 75 89 e9 6a ff ff ff 66 90 55 48 89 e5
0x00007fab29f2f6a4:   41 56 41 55 41 54 49 89 fc 53 48 89 f3 66 48 8d
0x00007fab29f2f6b4:   3d 27 5e 85 00 66 66 48 e8 df 43 8d ff 4c 8b 28
0x00007fab29f2f6c4:   8b 05 be 72 8a 00 85 c0 75 14 ba 01 00 00 00 48
0x00007fab29f2f6d4:   8d 0d ae 72 8a 00 f0 0f b1 11 85 c0 74 4e be c8
0x00007fab29f2f6e4:   00 00 00 4c 89 ef e8 01 0b 41 00 48 8d 05 12 ac
0x00007fab29f2f6f4:   85 00 49 89 d8 48 8d 0d e8 aa 53 00 ba 49 06 00
0x00007fab29f2f704:   00 48 8d 35 3c 35 58 00 bf 00 00 00 e0 48 8b 00
0x00007fab29f2f714:   c6 00 58 31 c0 e8 e2 91 c6 ff 5b 41 5c 41 5d 41
0x00007fab29f2f724:   5e 5d e9 55 34 26 00 0f 1f 44 00 00 48 8d 05 81
0x00007fab29f2f734:   a3 8b 00 48 89 df 4c 8b 30 e8 9e 43 8d ff 48 89
0x00007fab29f2f744:   de 48 89 c2 49 8b 06 4c 89 f7 ff 50 08 4c 89 f7
0x00007fab29f2f754:   e8 a7 5c 27 00 4d 85 e4 74 12 be 01 00 00 00 4c
0x00007fab29f2f764:   89 e7 e8 35 43 fc ff eb 82 0f 1f 00 be 01 00 00
0x00007fab29f2f774:   00 4c 89 ef e8 d3 fd ff ff e9 6d ff ff ff 66 66
0x00007fab29f2f784:   2e 0f 1f 84 00 00 00 00 00 0f 1f 00 55 48 89 e5
0x00007fab29f2f794:   41 57 41 56 41 55 41 54 53 48 81 ec 08 02 00 00
0x00007fab29f2f7a4:   64 48 8b 04 25 28 00 00 00 48 89 45 c8 8b 07 83
0x00007fab29f2f7b4:   f8 02 0f 84 11 04 00 00 4c 8b 6f 18 49 89 ff 49
0x00007fab29f2f7c4:   89 f4 4d 85 ed 74 14 4c 89 ef e8 5d 57 22 00 41
0x00007fab29f2f7d4:   8b 07 83 f8 02 0f 84 19 04 00 00 48 8d 1d 9a 06
0x00007fab29f2f7e4:   8a 00 4c 8d 35 0b 3c 58 00 eb 38 90 48 85 d2 7f
0x00007fab29f2f7f4:   0d 48 8d 05 b4 c0 85 00 48 83 38 00 7e 0e 41 8b
0x00007fab29f2f804:   77 2c 4c 89 f7 31 c0 e8 a0 b2 f7 ff 49 8b 7f 18 


Stack slot to memory mapping:
stack at sp + 0 slots: 0x00007fab098fe940 is pointing into the stack for thread: 0x00007fab240b21e0
stack at sp + 1 slots: 0x00007fab240b21e0 is a thread
stack at sp + 2 slots: 0x00007fab28d488c8 points into unknown readable memory: 0x65730018052dffff | ff ff 2d 05 18 00 73 65
stack at sp + 3 slots: 0x0000000800c417a0 is a pointer to class: 
jdk.vm.ci.services.Services {0x0000000800c417a0}
 - instance size:     2
 - klass size:        65
 - access:            public final synchronized 
 - state:             fully_initialized
 - name:              'jdk/vm/ci/services/Services'
 - super:             'java/lang/Object'
 - sub:               
 - arrays:            NULL
 - methods:           Array<T>(0x00007fab09c42fa0)
 - method ordering:   Array<T>(0x0000000800928960)
 - default_methods:   Array<T>(0x0000000000000000)
 - local interfaces:  Array<T>(0x00000008005ce810)
 - trans. interfaces: Array<T>(0x00000008005ce810)
 - constants:         constant pool [427] {0x00007fab09c42080} for 'jdk/vm/ci/services/Services' cache=0x00007fab09c44270
 - class loader data:  loader data: 0x00007fab240283f0 of 'bootstrap'
 - source file:       'Services.java'
 - class annotations:       Array<T>(0x0000000000000000)
 - class type annotations:  Array<T>(0x0000000000000000)
 - field annotations:       Array<T>(0x0000000000000000)
 - field type annotations:  Array<T>(0x0000000000000000)
 - inner classes:     Array<T>(0x00007fab09c44240)
 - nest members:     Array<T>(0x00007fab09c44260)
 - permitted subclasses:     Array<T>(0x00000008005ce7a0)
 - java mirror:       a 'java/lang/Class'{0x00000000e0148320} = 'jdk/vm/ci/services/Services'
 - vtable length      5  (start addr: 0x0000000800c41970)
 - itable length      2 (start addr: 0x0000000800c41998)
 - ---- static fields (3 words):
 - public static final 'IS_BUILDING_NATIVE_IMAGE' 'Z' @128 
 - public static final 'IS_IN_NATIVE_IMAGE' 'Z' @129 
 - private static volatile 'savedProperties' 'Ljava/util/Map;' @112 
 - static final 'JVMCI_ENABLED' 'Z' @130 
 - private static final 'servicesCache' 'Ljava/util/Map;' @116 
 - private static final 'MAX_UNICODE_IN_UTF8_LENGTH' 'I' @120 
 - private static final 'MAX_UTF8_PROPERTY_STRING_LENGTH' 'I' @124 
 - ---- non-static fields (0 words):
 - non-static oop maps: 
stack at sp + 4 slots: 0x00007fab098fe500 is pointing into the stack for thread: 0x00007fab240b21e0
stack at sp + 5 slots: 0x00007fab29efb2fe: <offset 0x000000000093e2fe> in /nix/store/gpxl5qgg8kicmcvivwmybwjlpf7wh20l-graalvm17-ce-22.3.0/lib/server/libjvm.so at 0x00007fab295bd000
stack at sp + 6 slots: 0x00007fab098fe3e0 is pointing into the stack for thread: 0x00007fab240b21e0
stack at sp + 7 slots: 0x00007fab098fe440 is pointing into the stack for thread: 0x00007fab240b21e0


---------------  P R O C E S S  ---------------

Threads class SMR info:
_java_thread_list=0x00007faab4451980, length=28, elements={
0x00007fab24026690, 0x00007fab240a64d0, 0x00007fab240a7910, 0x00007fab240ae050,
0x00007fab240af400, 0x00007fab240b07f0, 0x00007fab240b21e0, 0x00007fab240b36f0,
0x00007fab240b4750, 0x00007fab240df7c0, 0x00007fab24127640, 0x00007fab2433b0f0,
0x00007fab2436eaf0, 0x00007fab24370690, 0x00007fab24635850, 0x00007faab8017020,
0x00007faab82a2b30, 0x00007faab8480fe0, 0x00007faab85ef9c0, 0x00007fab2449e780,
0x00007fab243e2eb0, 0x00007faaa0001d80, 0x00007faaac02eaa0, 0x00007faa941a4c40,
0x00007faa9417a6f0, 0x00007faab40bab70, 0x00007faa941e0350, 0x00007faa941e0d00
}

Java Threads: ( => current thread )
  0x00007fab24026690 JavaThread "main" [_thread_blocked, id=27, stack(0x00007fab293d8000,0x00007fab294d8000)]
  0x00007fab240a64d0 JavaThread "Reference Handler" daemon [_thread_blocked, id=30, stack(0x00007fab283ef000,0x00007fab284ef000)]
  0x00007fab240a7910 JavaThread "Finalizer" daemon [_thread_blocked, id=31, stack(0x00007fab282ef000,0x00007fab283ef000)]
  0x00007fab240ae050 JavaThread "Signal Dispatcher" daemon [_thread_blocked, id=32, stack(0x00007fab09b00000,0x00007fab09c00000)]
  0x00007fab240af400 JavaThread "Service Thread" daemon [_thread_blocked, id=33, stack(0x00007fab09a00000,0x00007fab09b00000)]
  0x00007fab240b07f0 JavaThread "Monitor Deflation Thread" daemon [_thread_blocked, id=34, stack(0x00007fab09900000,0x00007fab09a00000)]
=>0x00007fab240b21e0 JavaThread "JVMCI-native CompilerThread0" daemon [_thread_in_vm, id=35, stack(0x00007fab09700000,0x00007fab09900000)]
  0x00007fab240b36f0 JavaThread "C1 CompilerThread0" daemon [_thread_blocked, id=36, stack(0x00007fab09500000,0x00007fab09700000)]
  0x00007fab240b4750 JavaThread "Sweeper thread" daemon [_thread_blocked, id=37, stack(0x00007fab09400000,0x00007fab09500000)]
  0x00007fab240df7c0 JavaThread "Common-Cleaner" daemon [_thread_blocked, id=38, stack(0x00007fab09300000,0x00007fab09400000)]
  0x00007fab24127640 JavaThread "Notification Thread" daemon [_thread_blocked, id=41, stack(0x00007fab09200000,0x00007fab09300000)]
  0x00007fab2433b0f0 JavaThread "Active Thread: Equinox Container: c3c6874a-aad0-4c94-94ed-b27e644fb11b" [_thread_blocked, id=51, stack(0x00007fab08e00000,0x00007fab08f00000)]
  0x00007fab2436eaf0 JavaThread "Framework Event Dispatcher: Equinox Container: c3c6874a-aad0-4c94-94ed-b27e644fb11b" daemon [_thread_blocked, id=52, stack(0x00007fab08c00000,0x00007fab08d00000)]
  0x00007fab24370690 JavaThread "Start Level: Equinox Container: c3c6874a-aad0-4c94-94ed-b27e644fb11b" daemon [_thread_blocked, id=53, stack(0x00007fab08a00000,0x00007fab08b00000)]
  0x00007fab24635850 JavaThread "Refresh Thread: Equinox Container: c3c6874a-aad0-4c94-94ed-b27e644fb11b" daemon [_thread_blocked, id=54, stack(0x00007fab08800000,0x00007fab08900000)]
  0x00007faab8017020 JavaThread "SCR Component Actor" daemon [_thread_blocked, id=55, stack(0x00007fab08600000,0x00007fab08700000)]
  0x00007faab82a2b30 JavaThread "Worker-JM" [_thread_blocked, id=57, stack(0x00007fab08200000,0x00007fab08300000)]
  0x00007faab8480fe0 JavaThread "Java indexing" daemon [_thread_blocked, id=60, stack(0x00007faad0700000,0x00007faad0800000)]
  0x00007faab85ef9c0 JavaThread "Bundle File Closer" daemon [_thread_blocked, id=62, stack(0x00007faad0300000,0x00007faad0400000)]
  0x00007fab2449e780 JavaThread "pool-3-thread-1" [_thread_blocked, id=63, stack(0x00007faad0100000,0x00007faad0200000)]
  0x00007fab243e2eb0 JavaThread "pool-2-thread-1" [_thread_blocked, id=64, stack(0x00007faacff00000,0x00007faad0000000)]
  0x00007faaa0001d80 JavaThread "Worker-3: Java indexing... " [_thread_blocked, id=71, stack(0x00007faacfd00000,0x00007faacfe00000)]
  0x00007faaac02eaa0 JavaThread "Worker-5" [_thread_blocked, id=75, stack(0x00007faacfa00000,0x00007faacfb00000)]
  0x00007faa941a4c40 JavaThread "Thread-10" [_thread_blocked, id=120, stack(0x00007faad0000000,0x00007faad0100000)]
  0x00007faa9417a6f0 JavaThread "Thread-13" [_thread_blocked, id=123, stack(0x00007fab08500000,0x00007fab08600000)]
  0x00007faab40bab70 JavaThread "Worker-6: Compacting resource model" [_thread_blocked, id=125, stack(0x00007faad0500000,0x00007faad0600000)]
  0x00007faa941e0350 JavaThread "Thread-15" [_thread_blocked, id=126, stack(0x00007fab08000000,0x00007fab08100000)]
  0x00007faa941e0d00 JavaThread "Thread-16" [_thread_blocked, id=127, stack(0x00007faad0900000,0x00007faad0a00000)]

Other Threads:
  0x00007fab240a1c10 VMThread "VM Thread" [stack: 0x00007fab284f1000,0x00007fab285f1000] [id=29] _threads_hazard_ptr=0x00007faab4451980
  0x00007fab24128fe0 WatcherThread [stack: 0x00007fab09100000,0x00007fab09200000] [id=42]
  0x00007fab2403df30 GCTaskThread "GC Thread#0" [stack: 0x00007fab28f9b000,0x00007fab2909b000] [id=28]

Threads with active compile tasks:
JVMCI-native CompilerThread0  1394395 10053 %     4       java.net.URI$Parser::scan @ 3 (76 bytes)

VM state: synchronizing (normal execution)

VM Mutex/Monitor currently owned by a thread:  ([mutex/lock_event])
[0x00007fab24023840] Threads_lock - owner thread: 0x00007fab240a1c10
[0x00007fab24023ff0] Heap_lock - owner thread: 0x00007faaa0001d80

OutOfMemory and StackOverflow Exception counts:
OutOfMemoryError java_heap_errors=6
LinkageErrors=74

Heap address: 0x00000000e0000000, size: 512 MB, Compressed Oops mode: 32-bit

CDS archive(s) mapped at: [0x0000000800000000-0x0000000800bc8000-0x0000000800bc8000), size 12353536, SharedBaseAddress: 0x0000000800000000, ArchiveRelocationMode: 0.
Compressed class space mapped at: 0x0000000800c00000-0x0000000840c00000, reserved size: 1073741824
Narrow klass base: 0x0000000800000000, Narrow klass shift: 0, Narrow klass range: 0x100000000

GC Precious Log:
 CPUs: 8 total, 1 available
 Memory: 1024M
 Large Page Support: Disabled
 NUMA Support: Disabled
 Compressed Oops: Enabled (32-bit)
 Alignments: Space 512K, Generation 512K, Heap 2M
 Heap Min Capacity: 100M
 Heap Initial Capacity: 100M
 Heap Max Capacity: 512M
 Pre-touch: Disabled
 Parallel Workers: 1

Heap:
 PSYoungGen      total 72704K, used 55296K [0x00000000f5580000, 0x00000000fb480000, 0x0000000100000000)
  eden space 55296K, 100% used [0x00000000f5580000,0x00000000f8b80000,0x00000000f8b80000)
  from space 17408K, 0% used [0x00000000f9f00000,0x00000000f9f00000,0x00000000fb000000)
  to   space 19968K, 0% used [0x00000000f8b80000,0x00000000f8b80000,0x00000000f9f00000)
 ParOldGen       total 349696K, used 349695K [0x00000000e0000000, 0x00000000f5580000, 0x00000000f5580000)
  object space 349696K, 99% used [0x00000000e0000000,0x00000000f557ffe0,0x00000000f5580000)
 Metaspace       used 62660K, committed 63552K, reserved 1105920K
  class space    used 6148K, committed 6528K, reserved 1048576K

Card table byte_map: [0x00007fab2909b000,0x00007fab2919c000] _byte_map_base: 0x00007fab2899b000

Marking Bits: (ParMarkBitMap*) 0x00007fab2a7eb4c0
 Begin Bits: [0x00007fab0a4b3000, 0x00007fab0acb3000)
 End Bits:   [0x00007fab0acb3000, 0x00007fab0b4b3000)

Polling page: 0x00007fab293b5000

Metaspace:

Usage:
  Non-class:     55.19 MB used.
      Class:      6.00 MB used.
       Both:     61.19 MB used.

Virtual space:
  Non-class space:       56.00 MB reserved,      55.69 MB (>99%) committed,  7 nodes.
      Class space:        1.00 GB reserved,       6.38 MB ( <1%) committed,  1 nodes.
             Both:        1.05 GB reserved,      62.06 MB (  6%) committed. 

Chunk freelists:
   Non-Class:  151.00 KB
       Class:  1.49 MB
        Both:  1.63 MB

MaxMetaspaceSize: unlimited
CompressedClassSpaceSize: 1.00 GB
Initial GC threshold: 21.00 MB
Current GC threshold: 103.38 MB
CDS: on
MetaspaceReclaimPolicy: balanced
 - commit_granule_bytes: 65536.
 - commit_granule_words: 8192.
 - virtual_space_node_default_size: 1048576.
 - enlarge_chunks_in_place: 1.
 - new_chunks_are_fully_committed: 0.
 - uncommit_free_chunks: 1.
 - use_allocation_guard: 0.
 - handle_deallocations: 1.


Internal statistics:

num_allocs_failed_limit: 6.
num_arena_births: 536.
num_arena_deaths: 174.
num_vsnodes_births: 8.
num_vsnodes_deaths: 0.
num_space_committed: 992.
num_space_uncommitted: 0.
num_chunks_returned_to_freelist: 248.
num_chunks_taken_from_freelist: 3056.
num_chunk_merges: 83.
num_chunk_splits: 1928.
num_chunks_enlarged: 1166.
num_purges: 12.
num_inconsistent_stats: 0.

CodeHeap 'non-profiled nmethods': size=120036Kb used=2871Kb max_used=2871Kb free=117164Kb
 bounds [0x00007fab12f7a000, 0x00007fab1324a000, 0x00007fab1a4b3000]
CodeHeap 'profiled nmethods': size=120032Kb used=17978Kb max_used=17978Kb free=102053Kb
 bounds [0x00007fab0ba42000, 0x00007fab0cbd2000, 0x00007fab12f7a000]
CodeHeap 'non-nmethods': size=5692Kb used=1400Kb max_used=1411Kb free=4291Kb
 bounds [0x00007fab0b4b3000, 0x00007fab0b723000, 0x00007fab0ba42000]
 total_blobs=8613 nmethods=7873 adapters=636
 compilation: enabled
              stopped_count=0, restarted_count=0
 full_count=0

JVMCI Events (20 events):
Event: 986.012 Thread 0x00007fab240b21e0 destroyed JavaVM[3]@0x00007faacf49e340 for JVMCI runtime 0
Event: 986.012 Thread 0x00007fab240b21e0 compacted oop handles in JVMCI runtime 0 from 97 to 97
Event: 986.012 Thread 0x00007fab240b21e0 releasing handles for JVMCI runtime 0: oop handles=97, metadata handles={total=154, live=145, blocks=47}
Event: 986.012 Thread 0x00007fab240b21e0 detached from JVMCI runtime 0
Event: 1134.846 Thread 0x00007fab240b21e0 attached to JVMCI runtime 0
Event: 1134.886 Thread 0x00007fab240b21e0 created JavaVM[4]@0x00007faacf49e340 for JVMCI runtime 0
Event: 1136.305 Thread 0x00007fab240b21e0 initializing JVMCI runtime 0
Event: 1136.305 Thread 0x00007fab240b21e0 done waiting for JavaVM references initialization in JVMCI runtime 0
Event: 1165.830 Thread 0x00007fab240b21e0 initialized JVMCI runtime 0
Event: 1191.497 Thread 0x00007fab240b21e0 detaching from JVMCI runtime 0: releasing idle compiler thread (0 other threads still attached)
Event: 1191.497 Thread 0x00007fab240b21e0 shutting down HotSpotJVMCIRuntime for JVMCI runtime 0
Event: 1192.899 Thread 0x00007fab240b21e0 shut down JVMCI runtime 0
Event: 1194.229 Thread 0x00007fab240b21e0 destroyed JavaVM[4]@0x00007faacf49e340 for JVMCI runtime 0
Event: 1194.229 Thread 0x00007fab240b21e0 compacted oop handles in JVMCI runtime 0 from 42 to 42
Event: 1194.229 Thread 0x00007fab240b21e0 releasing handles for JVMCI runtime 0: oop handles=42, metadata handles={total=88, live=77, blocks=47}
Event: 1194.229 Thread 0x00007fab240b21e0 detached from JVMCI runtime 0
Event: 1344.822 Thread 0x00007fab240b21e0 attached to JVMCI runtime 0
Event: 1344.824 Thread 0x00007fab240b21e0 created JavaVM[5]@0x00007faacf49e340 for JVMCI runtime 0
Event: 1344.824 Thread 0x00007fab240b21e0 initializing JVMCI runtime 0
Event: 1344.824 Thread 0x00007fab240b21e0 done waiting for JavaVM references initialization in JVMCI runtime 0

Compilation events (20 events):
Event: 1243.792 Thread 0x00007fab240b36f0 nmethod 10042 0x00007fab13247790 code [0x00007fab13247920, 0x00007fab132479f0]
Event: 1252.107 Thread 0x00007fab240b36f0 10043       3       org.eclipse.core.runtime.SubMonitor::done (47 bytes)
Event: 1253.500 Thread 0x00007fab240b36f0 nmethod 10043 0x00007fab0cbcb890 code [0x00007fab0cbcba60, 0x00007fab0cbcbf70]
Event: 1253.500 Thread 0x00007fab240b36f0 10044       3       org.eclipse.core.runtime.jobs.Job::setName (6 bytes)
Event: 1253.500 Thread 0x00007fab240b36f0 nmethod 10044 0x00007fab0cbcc110 code [0x00007fab0cbcc2c0, 0x00007fab0cbcc4e0]
Event: 1253.500 Thread 0x00007fab240b36f0 10045       3       org.eclipse.core.internal.jobs.InternalJob::setName (10 bytes)
Event: 1253.501 Thread 0x00007fab240b36f0 nmethod 10045 0x00007fab0cbcc610 code [0x00007fab0cbcc7c0, 0x00007fab0cbcc980]
Event: 1255.018 Thread 0x00007fab240b36f0 10046  s    3       org.eclipse.core.internal.watson.ElementTree::immutable (36 bytes)
Event: 1256.417 Thread 0x00007fab240b36f0 nmethod 10046 0x00007fab0cbcca90 code [0x00007fab0cbccc60, 0x00007fab0cbcd3a0]
Event: 1266.410 Thread 0x00007fab240b36f0 10047       3       java.util.concurrent.locks.AbstractQueuedSynchronizer$ConditionObject::canReacquire (28 bytes)
Event: 1269.431 Thread 0x00007fab240b36f0 nmethod 10047 0x00007fab0cbcd510 code [0x00007fab0cbcd6c0, 0x00007fab0cbcda10]
Event: 1277.045 Thread 0x00007fab240b36f0 10048       3       java.net.URI::equalIgnoringCase (68 bytes)
Event: 1280.108 Thread 0x00007fab240b36f0 nmethod 10048 0x00007fab0cbcdb90 code [0x00007fab0cbcde80, 0x00007fab0cbcefb0]
Event: 1280.108 Thread 0x00007fab240b36f0 10050       3       java.net.URI::normalize (65 bytes)
Event: 1280.109 Thread 0x00007fab240b36f0 nmethod 10050 0x00007fab0cbcf610 code [0x00007fab0cbcf860, 0x00007fab0cbcfea0]
Event: 1280.109 Thread 0x00007fab240b36f0 10049       3       java.net.URI::equal (19 bytes)
Event: 1280.109 Thread 0x00007fab240b36f0 nmethod 10049 0x00007fab0cbd0110 code [0x00007fab0cbd02c0, 0x00007fab0cbd0440]
Event: 1314.715 Thread 0x00007fab240b36f0 10052       3       java.util.concurrent.locks.AbstractQueuedSynchronizer$Node::<init> (5 bytes)
Event: 1316.309 Thread 0x00007fab240b36f0 nmethod 10052 0x00007fab0cbd0510 code [0x00007fab0cbd06c0, 0x00007fab0cbd0810]
Event: 1344.822 Thread 0x00007fab240b21e0 10053 %     4       java.net.URI$Parser::scan @ 3 (76 bytes)

GC Heap History (20 events):
Event: 1380.118 GC heap before
{Heap before GC invocations=949 (full 849):
 PSYoungGen      total 72704K, used 55295K [0x00000000f5580000, 0x00000000fb480000, 0x0000000100000000)
  eden space 55296K, 99% used [0x00000000f5580000,0x00000000f8b7fff8,0x00000000f8b80000)
  from space 17408K, 0% used [0x00000000f9f00000,0x00000000f9f00000,0x00000000fb000000)
  to   space 19968K, 0% used [0x00000000f8b80000,0x00000000f8b80000,0x00000000f9f00000)
 ParOldGen       total 349696K, used 349694K [0x00000000e0000000, 0x00000000f5580000, 0x00000000f5580000)
  object space 349696K, 99% used [0x00000000e0000000,0x00000000f557f898,0x00000000f5580000)
 Metaspace       used 62660K, committed 63552K, reserved 1105920K
  class space    used 6148K, committed 6528K, reserved 1048576K
}
Event: 1381.617 GC heap after
{Heap after GC invocations=949 (full 849):
 PSYoungGen      total 75264K, used 55295K [0x00000000f5580000, 0x00000000fb480000, 0x0000000100000000)
  eden space 55296K, 99% used [0x00000000f5580000,0x00000000f8b7ffb8,0x00000000f8b80000)
  from space 19968K, 0% used [0x00000000f8b80000,0x00000000f8b80000,0x00000000f9f00000)
  to   space 17408K, 0% used [0x00000000f9f00000,0x00000000f9f00000,0x00000000fb000000)
 ParOldGen       total 349696K, used 349694K [0x00000000e0000000, 0x00000000f5580000, 0x00000000f5580000)
  object space 349696K, 99% used [0x00000000e0000000,0x00000000f557f898,0x00000000f5580000)
 Metaspace       used 62660K, committed 63552K, reserved 1105920K
  class space    used 6148K, committed 6528K, reserved 1048576K
}
Event: 1381.618 GC heap before
{Heap before GC invocations=950 (full 850):
 PSYoungGen      total 75264K, used 55296K [0x00000000f5580000, 0x00000000fb480000, 0x0000000100000000)
  eden space 55296K, 100% used [0x00000000f5580000,0x00000000f8b80000,0x00000000f8b80000)
  from space 19968K, 0% used [0x00000000f8b80000,0x00000000f8b80000,0x00000000f9f00000)
  to   space 17408K, 0% used [0x00000000f9f00000,0x00000000f9f00000,0x00000000fb000000)
 ParOldGen       total 349696K, used 349694K [0x00000000e0000000, 0x00000000f5580000, 0x00000000f5580000)
  object space 349696K, 99% used [0x00000000e0000000,0x00000000f557f898,0x00000000f5580000)
 Metaspace       used 62660K, committed 63552K, reserved 1105920K
  class space    used 6148K, committed 6528K, reserved 1048576K
}
Event: 1383.017 GC heap after
{Heap after GC invocations=950 (full 850):
 PSYoungGen      total 72704K, used 55295K [0x00000000f5580000, 0x00000000fb480000, 0x0000000100000000)
  eden space 55296K, 99% used [0x00000000f5580000,0x00000000f8b7ffe0,0x00000000f8b80000)
  from space 17408K, 0% used [0x00000000f9f00000,0x00000000f9f00000,0x00000000fb000000)
  to   space 19968K, 0% used [0x00000000f8b80000,0x00000000f8b80000,0x00000000f9f00000)
 ParOldGen       total 349696K, used 349694K [0x00000000e0000000, 0x00000000f5580000, 0x00000000f5580000)
  object space 349696K, 99% used [0x00000000e0000000,0x00000000f557f898,0x00000000f5580000)
 Metaspace       used 62660K, committed 63552K, reserved 1105920K
  class space    used 6148K, committed 6528K, reserved 1048576K
}
Event: 1383.018 GC heap before
{Heap before GC invocations=951 (full 851):
 PSYoungGen      total 72704K, used 55296K [0x00000000f5580000, 0x00000000fb480000, 0x0000000100000000)
  eden space 55296K, 100% used [0x00000000f5580000,0x00000000f8b80000,0x00000000f8b80000)
  from space 17408K, 0% used [0x00000000f9f00000,0x00000000f9f00000,0x00000000fb000000)
  to   space 19968K, 0% used [0x00000000f8b80000,0x00000000f8b80000,0x00000000f9f00000)
 ParOldGen       total 349696K, used 349694K [0x00000000e0000000, 0x00000000f5580000, 0x00000000f5580000)
  object space 349696K, 99% used [0x00000000e0000000,0x00000000f557f898,0x00000000f5580000)
 Metaspace       used 62660K, committed 63552K, reserved 1105920K
  class space    used 6148K, committed 6528K, reserved 1048576K
}
Event: 1384.435 GC heap after
{Heap after GC invocations=951 (full 851):
 PSYoungGen      total 75264K, used 55296K [0x00000000f5580000, 0x00000000fb480000, 0x0000000100000000)
  eden space 55296K, 100% used [0x00000000f5580000,0x00000000f8b80000,0x00000000f8b80000)
  from space 19968K, 0% used [0x00000000f8b80000,0x00000000f8b80000,0x00000000f9f00000)
  to   space 17408K, 0% used [0x00000000f9f00000,0x00000000f9f00000,0x00000000fb000000)
 ParOldGen       total 349696K, used 349694K [0x00000000e0000000, 0x00000000f5580000, 0x00000000f5580000)
  object space 349696K, 99% used [0x00000000e0000000,0x00000000f557f898,0x00000000f5580000)
 Metaspace       used 62660K, committed 63552K, reserved 1105920K
  class space    used 6148K, committed 6528K, reserved 1048576K
}
Event: 1384.484 GC heap before
{Heap before GC invocations=952 (full 852):
 PSYoungGen      total 75264K, used 55296K [0x00000000f5580000, 0x00000000fb480000, 0x0000000100000000)
  eden space 55296K, 100% used [0x00000000f5580000,0x00000000f8b80000,0x00000000f8b80000)
  from space 19968K, 0% used [0x00000000f8b80000,0x00000000f8b80000,0x00000000f9f00000)
  to   space 17408K, 0% used [0x00000000f9f00000,0x00000000f9f00000,0x00000000fb000000)
 ParOldGen       total 349696K, used 349695K [0x00000000e0000000, 0x00000000f5580000, 0x00000000f5580000)
  object space 349696K, 99% used [0x00000000e0000000,0x00000000f557fff8,0x00000000f5580000)
 Metaspace       used 62660K, committed 63552K, reserved 1105920K
  class space    used 6148K, committed 6528K, reserved 1048576K
}
Event: 1385.900 GC heap after
{Heap after GC invocations=952 (full 852):
 PSYoungGen      total 72704K, used 55295K [0x00000000f5580000, 0x00000000fb480000, 0x0000000100000000)
  eden space 55296K, 99% used [0x00000000f5580000,0x00000000f8b7fe60,0x00000000f8b80000)
  from space 17408K, 0% used [0x00000000f9f00000,0x00000000f9f00000,0x00000000fb000000)
  to   space 19968K, 0% used [0x00000000f8b80000,0x00000000f8b80000,0x00000000f9f00000)
 ParOldGen       total 349696K, used 349694K [0x00000000e0000000, 0x00000000f5580000, 0x00000000f5580000)
  object space 349696K, 99% used [0x00000000e0000000,0x00000000f557f9f0,0x00000000f5580000)
 Metaspace       used 62660K, committed 63552K, reserved 1105920K
  class space    used 6148K, committed 6528K, reserved 1048576K
}
Event: 1385.901 GC heap before
{Heap before GC invocations=953 (full 853):
 PSYoungGen      total 72704K, used 55296K [0x00000000f5580000, 0x00000000fb480000, 0x0000000100000000)
  eden space 55296K, 100% used [0x00000000f5580000,0x00000000f8b80000,0x00000000f8b80000)
  from space 17408K, 0% used [0x00000000f9f00000,0x00000000f9f00000,0x00000000fb000000)
  to   space 19968K, 0% used [0x00000000f8b80000,0x00000000f8b80000,0x00000000f9f00000)
 ParOldGen       total 349696K, used 349694K [0x00000000e0000000, 0x00000000f5580000, 0x00000000f5580000)
  object space 349696K, 99% used [0x00000000e0000000,0x00000000f557f9f0,0x00000000f5580000)
 Metaspace       used 62660K, committed 63552K, reserved 1105920K
  class space    used 6148K, committed 6528K, reserved 1048576K
}
Event: 1387.329 GC heap after
{Heap after GC invocations=953 (full 853):
 PSYoungGen      total 75264K, used 55295K [0x00000000f5580000, 0x00000000fb480000, 0x0000000100000000)
  eden space 55296K, 99% used [0x00000000f5580000,0x00000000f8b7ff08,0x00000000f8b80000)
  from space 19968K, 0% used [0x00000000f8b80000,0x00000000f8b80000,0x00000000f9f00000)
  to   space 17408K, 0% used [0x00000000f9f00000,0x00000000f9f00000,0x00000000fb000000)
 ParOldGen       total 349696K, used 349694K [0x00000000e0000000, 0x00000000f5580000, 0x00000000f5580000)
  object space 349696K, 99% used [0x00000000e0000000,0x00000000f557f980,0x00000000f5580000)
 Metaspace       used 62660K, committed 63552K, reserved 1105920K
  class space    used 6148K, committed 6528K, reserved 1048576K
}
Event: 1387.329 GC heap before
{Heap before GC invocations=954 (full 854):
 PSYoungGen      total 75264K, used 55295K [0x00000000f5580000, 0x00000000fb480000, 0x0000000100000000)
  eden space 55296K, 99% used [0x00000000f5580000,0x00000000f8b7ff60,0x00000000f8b80000)
  from space 19968K, 0% used [0x00000000f8b80000,0x00000000f8b80000,0x00000000f9f00000)
  to   space 17408K, 0% used [0x00000000f9f00000,0x00000000f9f00000,0x00000000fb000000)
 ParOldGen       total 349696K, used 349694K [0x00000000e0000000, 0x00000000f5580000, 0x00000000f5580000)
  object space 349696K, 99% used [0x00000000e0000000,0x00000000f557f980,0x00000000f5580000)
 Metaspace       used 62660K, committed 63552K, reserved 1105920K
  class space    used 6148K, committed 6528K, reserved 1048576K
}
Event: 1388.705 GC heap after
{Heap after GC invocations=954 (full 854):
 PSYoungGen      total 72704K, used 55295K [0x00000000f5580000, 0x00000000fb480000, 0x0000000100000000)
  eden space 55296K, 99% used [0x00000000f5580000,0x00000000f8b7ff40,0x00000000f8b80000)
  from space 17408K, 0% used [0x00000000f9f00000,0x00000000f9f00000,0x00000000fb000000)
  to   space 19968K, 0% used [0x00000000f8b80000,0x00000000f8b80000,0x00000000f9f00000)
 ParOldGen       total 349696K, used 349694K [0x00000000e0000000, 0x00000000f5580000, 0x00000000f5580000)
  object space 349696K, 99% used [0x00000000e0000000,0x00000000f557f980,0x00000000f5580000)
 Metaspace       used 62660K, committed 63552K, reserved 1105920K
  class space    used 6148K, committed 6528K, reserved 1048576K
}
Event: 1388.705 GC heap before
{Heap before GC invocations=955 (full 855):
 PSYoungGen      total 72704K, used 55295K [0x00000000f5580000, 0x00000000fb480000, 0x0000000100000000)
  eden space 55296K, 99% used [0x00000000f5580000,0x00000000f8b7fff0,0x00000000f8b80000)
  from space 17408K, 0% used [0x00000000f9f00000,0x00000000f9f00000,0x00000000fb000000)
  to   space 19968K, 0% used [0x00000000f8b80000,0x00000000f8b80000,0x00000000f9f00000)
 ParOldGen       total 349696K, used 349694K [0x00000000e0000000, 0x00000000f5580000, 0x00000000f5580000)
  object space 349696K, 99% used [0x00000000e0000000,0x00000000f557f980,0x00000000f5580000)
 Metaspace       used 62660K, committed 63552K, reserved 1105920K
  class space    used 6148K, committed 6528K, reserved 1048576K
}
Event: 1390.106 GC heap after
{Heap after GC invocations=955 (full 855):
 PSYoungGen      total 75264K, used 55295K [0x00000000f5580000, 0x00000000fb480000, 0x0000000100000000)
  eden space 55296K, 99% used [0x00000000f5580000,0x00000000f8b7ffd0,0x00000000f8b80000)
  from space 19968K, 0% used [0x00000000f8b80000,0x00000000f8b80000,0x00000000f9f00000)
  to   space 17408K, 0% used [0x00000000f9f00000,0x00000000f9f00000,0x00000000fb000000)
 ParOldGen       total 349696K, used 349694K [0x00000000e0000000, 0x00000000f5580000, 0x00000000f5580000)
  object space 349696K, 99% used [0x00000000e0000000,0x00000000f557f980,0x00000000f5580000)
 Metaspace       used 62660K, committed 63552K, reserved 1105920K
  class space    used 6148K, committed 6528K, reserved 1048576K
}
Event: 1390.107 GC heap before
{Heap before GC invocations=956 (full 856):
 PSYoungGen      total 75264K, used 55295K [0x00000000f5580000, 0x00000000fb480000, 0x0000000100000000)
  eden space 55296K, 99% used [0x00000000f5580000,0x00000000f8b7ffe8,0x00000000f8b80000)
  from space 19968K, 0% used [0x00000000f8b80000,0x00000000f8b80000,0x00000000f9f00000)
  to   space 17408K, 0% used [0x00000000f9f00000,0x00000000f9f00000,0x00000000fb000000)
 ParOldGen       total 349696K, used 349694K [0x00000000e0000000, 0x00000000f5580000, 0x00000000f5580000)
  object space 349696K, 99% used [0x00000000e0000000,0x00000000f557f980,0x00000000f5580000)
 Metaspace       used 62660K, committed 63552K, reserved 1105920K
  class space    used 6148K, committed 6528K, reserved 1048576K
}
Event: 1391.497 GC heap after
{Heap after GC invocations=956 (full 856):
 PSYoungGen      total 72704K, used 55295K [0x00000000f5580000, 0x00000000fb480000, 0x0000000100000000)
  eden space 55296K, 99% used [0x00000000f5580000,0x00000000f8b7ffe8,0x00000000f8b80000)
  from space 17408K, 0% used [0x00000000f9f00000,0x00000000f9f00000,0x00000000fb000000)
  to   space 19968K, 0% used [0x00000000f8b80000,0x00000000f8b80000,0x00000000f9f00000)
 ParOldGen       total 349696K, used 349694K [0x00000000e0000000, 0x00000000f5580000, 0x00000000f5580000)
  object space 349696K, 99% used [0x00000000e0000000,0x00000000f557f980,0x00000000f5580000)
 Metaspace       used 62660K, committed 63552K, reserved 1105920K
  class space    used 6148K, committed 6528K, reserved 1048576K
}
Event: 1391.497 GC heap before
{Heap before GC invocations=957 (full 857):
 PSYoungGen      total 72704K, used 55296K [0x00000000f5580000, 0x00000000fb480000, 0x0000000100000000)
  eden space 55296K, 100% used [0x00000000f5580000,0x00000000f8b80000,0x00000000f8b80000)
  from space 17408K, 0% used [0x00000000f9f00000,0x00000000f9f00000,0x00000000fb000000)
  to   space 19968K, 0% used [0x00000000f8b80000,0x00000000f8b80000,0x00000000f9f00000)
 ParOldGen       total 349696K, used 349694K [0x00000000e0000000, 0x00000000f5580000, 0x00000000f5580000)
  object space 349696K, 99% used [0x00000000e0000000,0x00000000f557fb90,0x00000000f5580000)
 Metaspace       used 62660K, committed 63552K, reserved 1105920K
  class space    used 6148K, committed 6528K, reserved 1048576K
}
Event: 1392.884 GC heap after
{Heap after GC invocations=957 (full 857):
 PSYoungGen      total 75264K, used 55295K [0x00000000f5580000, 0x00000000fb480000, 0x0000000100000000)
  eden space 55296K, 99% used [0x00000000f5580000,0x00000000f8b7ff50,0x00000000f8b80000)
  from space 19968K, 0% used [0x00000000f8b80000,0x00000000f8b80000,0x00000000f9f00000)
  to   space 17408K, 0% used [0x00000000f9f00000,0x00000000f9f00000,0x00000000fb000000)
 ParOldGen       total 349696K, used 349694K [0x00000000e0000000, 0x00000000f5580000, 0x00000000f5580000)
  object space 349696K, 99% used [0x00000000e0000000,0x00000000f557fb90,0x00000000f5580000)
 Metaspace       used 62660K, committed 63552K, reserved 1105920K
  class space    used 6148K, committed 6528K, reserved 1048576K
}
Event: 1392.884 GC heap before
{Heap before GC invocations=958 (full 858):
 PSYoungGen      total 75264K, used 55295K [0x00000000f5580000, 0x00000000fb480000, 0x0000000100000000)
  eden space 55296K, 99% used [0x00000000f5580000,0x00000000f8b7ff50,0x00000000f8b80000)
  from space 19968K, 0% used [0x00000000f8b80000,0x00000000f8b80000,0x00000000f9f00000)
  to   space 17408K, 0% used [0x00000000f9f00000,0x00000000f9f00000,0x00000000fb000000)
 ParOldGen       total 349696K, used 349694K [0x00000000e0000000, 0x00000000f5580000, 0x00000000f5580000)
  object space 349696K, 99% used [0x00000000e0000000,0x00000000f557fb90,0x00000000f5580000)
 Metaspace       used 62660K, committed 63552K, reserved 1105920K
  class space    used 6148K, committed 6528K, reserved 1048576K
}
Event: 1394.299 GC heap after
{Heap after GC invocations=958 (full 858):
 PSYoungGen      total 72704K, used 55295K [0x00000000f5580000, 0x00000000fb480000, 0x0000000100000000)
  eden space 55296K, 99% used [0x00000000f5580000,0x00000000f8b7fe80,0x00000000f8b80000)
  from space 17408K, 0% used [0x00000000f9f00000,0x00000000f9f00000,0x00000000fb000000)
  to   space 19968K, 0% used [0x00000000f8b80000,0x00000000f8b80000,0x00000000f9f00000)
 ParOldGen       total 349696K, used 349694K [0x00000000e0000000, 0x00000000f5580000, 0x00000000f5580000)
  object space 349696K, 99% used [0x00000000e0000000,0x00000000f557fb80,0x00000000f5580000)
 Metaspace       used 62660K, committed 63552K, reserved 1105920K
  class space    used 6148K, committed 6528K, reserved 1048576K
}

Dll operation events (9 events):
Event: 0.010 Loaded shared library /nix/store/gpxl5qgg8kicmcvivwmybwjlpf7wh20l-graalvm17-ce-22.3.0/lib/libjava.so
Event: 0.098 Loaded shared library /nix/store/gpxl5qgg8kicmcvivwmybwjlpf7wh20l-graalvm17-ce-22.3.0/lib/libjsvml.so
Event: 0.309 Loaded shared library /nix/store/gpxl5qgg8kicmcvivwmybwjlpf7wh20l-graalvm17-ce-22.3.0/lib/libnio.so
Event: 0.314 Loaded shared library /nix/store/gpxl5qgg8kicmcvivwmybwjlpf7wh20l-graalvm17-ce-22.3.0/lib/libzip.so
Event: 0.328 Loaded shared library /nix/store/gpxl5qgg8kicmcvivwmybwjlpf7wh20l-graalvm17-ce-22.3.0/lib/libjvmcicompiler.so
Event: 0.793 Loaded shared library /nix/store/gpxl5qgg8kicmcvivwmybwjlpf7wh20l-graalvm17-ce-22.3.0/lib/libjimage.so
Event: 1.411 Loaded shared library /nix/store/gpxl5qgg8kicmcvivwmybwjlpf7wh20l-graalvm17-ce-22.3.0/lib/libnet.so
Event: 5.095 Loaded shared library /home/runner/.cache/jdt-language-server/config/org.eclipse.equinox.launcher/org.eclipse.equinox.launcher.gtk.linux.x86_64_1.2.400.v20211117-0650/eclipse_11600.so
Event: 14.390 Loaded shared library /nix/store/gpxl5qgg8kicmcvivwmybwjlpf7wh20l-graalvm17-ce-22.3.0/lib/libextnet.so

Deoptimization events (20 events):
Event: 92.988 Thread 0x00007faab8480fe0 DEOPT PACKING pc=0x00007fab13165c01 sp=0x00007faad07fe4a0
Event: 92.988 Thread 0x00007faab8480fe0 DEOPT UNPACKING pc=0x00007fab0b505325 sp=0x00007faad07fd930 mode 3
Event: 105.327 Thread 0x00007faab8480fe0 DEOPT PACKING pc=0x00007fab0bb410f2 sp=0x00007faad07fe450
Event: 105.327 Thread 0x00007faab8480fe0 DEOPT UNPACKING pc=0x00007fab0b505325 sp=0x00007faad07fd928 mode 0
Event: 109.835 Thread 0x00007faaac02eaa0 DEOPT PACKING pc=0x00007fab0bc811f3 sp=0x00007faacfafd9e0
Event: 109.835 Thread 0x00007faaac02eaa0 DEOPT UNPACKING pc=0x00007fab0b505325 sp=0x00007faacfafceb0 mode 0
Event: 158.793 Thread 0x00007faa941a4230 DEOPT PACKING pc=0x00007fab0bc811f3 sp=0x00007faad08fdc90
Event: 158.794 Thread 0x00007faa941a4230 DEOPT UNPACKING pc=0x00007fab0b505325 sp=0x00007faad08fd160 mode 0
Event: 162.511 Thread 0x00007faa941a4230 DEOPT PACKING pc=0x00007fab0bc811f3 sp=0x00007faad08fdae0
Event: 162.511 Thread 0x00007faa941a4230 DEOPT UNPACKING pc=0x00007fab0b505325 sp=0x00007faad08fcfb0 mode 0
Event: 173.517 Thread 0x00007faaac02eaa0 DEOPT PACKING pc=0x00007fab0bc811f3 sp=0x00007faacfafd9e0
Event: 173.517 Thread 0x00007faaac02eaa0 DEOPT UNPACKING pc=0x00007fab0b505325 sp=0x00007faacfafceb0 mode 0
Event: 644.143 Thread 0x00007faa941a4230 DEOPT PACKING pc=0x00007fab0c854cf9 sp=0x00007faad08fda50
Event: 644.143 Thread 0x00007faa941a4230 DEOPT UNPACKING pc=0x00007fab0b505325 sp=0x00007faad08fcfa8 mode 0
Event: 980.295 Thread 0x00007faaa0001d80 DEOPT PACKING pc=0x00007fab0c661397 sp=0x00007faacfdfe610
Event: 980.295 Thread 0x00007faaa0001d80 DEOPT UNPACKING pc=0x00007fab0b505325 sp=0x00007faacfdfdbc0 mode 0
Event: 1239.526 Thread 0x00007faab8480fe0 Uncommon trap: trap_request=0xffffff8f fr.pc=0x00007fab1321620c relative=0x00000000000011cc
Event: 1239.526 Thread 0x00007faab8480fe0 Uncommon trap: reason=constraint action=none pc=0x00007fab1321620c method=org.eclipse.jdt.internal.core.index.DiskIndex.copyQueryResults(Lorg/eclipse/jdt/internal/compiler/util/HashtableOfObject;I)V @ 123 jvmci
Event: 1239.526 Thread 0x00007faab8480fe0 DEOPT PACKING pc=0x00007fab1321620c sp=0x00007faad07fe530
Event: 1239.526 Thread 0x00007faab8480fe0 DEOPT UNPACKING pc=0x00007fab0b505325 sp=0x00007faad07fda28 mode 3

Classes unloaded (20 events):
Event: 89.397 Thread 0x00007fab240a1c10 Unloading class 0x0000000800d04c00 'java/lang/invoke/LambdaForm$MH+0x0000000800d04c00'
Event: 89.397 Thread 0x00007fab240a1c10 Unloading class 0x0000000800d04800 'java/lang/invoke/LambdaForm$MH+0x0000000800d04800'
Event: 89.397 Thread 0x00007fab240a1c10 Unloading class 0x0000000800d04000 'java/lang/invoke/LambdaForm$MH+0x0000000800d04000'
Event: 89.397 Thread 0x00007fab240a1c10 Unloading class 0x0000000800c1d000 'jdk/internal/reflect/GeneratedMethodAccessor5'
Event: 89.397 Thread 0x00007fab240a1c10 Unloading class 0x0000000800c1cc00 'jdk/internal/reflect/GeneratedMethodAccessor4'
Event: 89.397 Thread 0x00007fab240a1c10 Unloading class 0x0000000800c1c800 'jdk/internal/reflect/GeneratedMethodAccessor3'
Event: 89.397 Thread 0x00007fab240a1c10 Unloading class 0x0000000800c1c400 'jdk/internal/reflect/GeneratedMethodAccessor2'
Event: 89.397 Thread 0x00007fab240a1c10 Unloading class 0x0000000800c1c000 'jdk/internal/reflect/GeneratedMethodAccessor1'
Event: 89.397 Thread 0x00007fab240a1c10 Unloading class 0x0000000800c01c00 'java/lang/invoke/LambdaForm$DMH+0x0000000800c01c00'
Event: 287.801 Thread 0x00007fab240a1c10 Unloading class 0x00000008010d5c00 'java/lang/invoke/LambdaForm$MH+0x00000008010d5c00'
Event: 287.801 Thread 0x00007fab240a1c10 Unloading class 0x00000008010dc800 'java/lang/invoke/LambdaForm$MH+0x00000008010dc800'
Event: 287.801 Thread 0x00007fab240a1c10 Unloading class 0x00000008010f8c00 'java/lang/invoke/LambdaForm$MH+0x00000008010f8c00'
Event: 287.801 Thread 0x00007fab240a1c10 Unloading class 0x0000000801109400 'java/lang/invoke/LambdaForm$MH+0x0000000801109400'
Event: 287.801 Thread 0x00007fab240a1c10 Unloading class 0x0000000801110000 'java/lang/invoke/LambdaForm$MH+0x0000000801110000'
Event: 287.801 Thread 0x00007fab240a1c10 Unloading class 0x0000000801116000 'java/lang/invoke/LambdaForm$MH+0x0000000801116000'
Event: 401.016 Thread 0x00007fab240a1c10 Unloading class 0x0000000801250000 'jdk/internal/reflect/GeneratedConstructorAccessor46'
Event: 1123.794 Thread 0x00007fab240a1c10 Unloading class 0x00000008010dc800 'jdk/internal/reflect/GeneratedSerializationConstructorAccessor38'
Event: 1250.325 Thread 0x00007fab240a1c10 Unloading class 0x00000008010f8c00 'jdk/internal/reflect/GeneratedSerializationConstructorAccessor39'
Event: 1251.720 Thread 0x00007fab240a1c10 Unloading class 0x00000008010d5c00 'jdk/internal/reflect/GeneratedSerializationConstructorAccessor37'
Event: 1251.720 Thread 0x00007fab240a1c10 Unloading class 0x0000000801250000 'jdk/internal/reflect/GeneratedSerializationConstructorAccessor36'

Classes redefined (0 events):
No events

Internal exceptions (20 events):
Event: 61.288 Thread 0x00007faa941eb9d0 Exception <a 'java/lang/ArrayIndexOutOfBoundsException'{0x00000000f63be890}: Index 37 out of bounds for length 37> (0x00000000f63be890) 
thrown [src/hotspot/share/interpreter/interpreterRuntime.cpp, line 428]
Event: 61.296 Thread 0x00007faa941eb9d0 Exception <a 'java/lang/ArrayIndexOutOfBoundsException'{0x00000000f6417490}: Index 40 out of bounds for length 40> (0x00000000f6417490) 
thrown [src/hotspot/share/interpreter/interpreterRuntime.cpp, line 428]
Event: 61.487 Thread 0x00007faa941dec00 Exception <a 'java/lang/NoSuchMethodError'{0x00000000f6608568}: 'void java.lang.invoke.DirectMethodHandle$Holder.invokeSpecial(java.lang.Object, java.lang.Object, int)'> (0x00000000f6608568) 
thrown [src/hotspot/share/interpreter/linkResolver.cpp, line 758]
Event: 61.493 Thread 0x00007faa941eb9d0 Exception <a 'java/lang/ArrayIndexOutOfBoundsException'{0x00000000f67280a0}: Index 40 out of bounds for length 40> (0x00000000f67280a0) 
thrown [src/hotspot/share/interpreter/interpreterRuntime.cpp, line 428]
Event: 61.500 Thread 0x00007faa941eb9d0 Exception <a 'java/lang/ArrayIndexOutOfBoundsException'{0x00000000f67e8820}: Index 40 out of bounds for length 40> (0x00000000f67e8820) 
thrown [src/hotspot/share/interpreter/interpreterRuntime.cpp, line 428]
Event: 61.593 Thread 0x00007faa941eb9d0 Exception <a 'java/lang/ArrayIndexOutOfBoundsException'{0x00000000f6925bc0}: Index 40 out of bounds for length 40> (0x00000000f6925bc0) 
thrown [src/hotspot/share/interpreter/interpreterRuntime.cpp, line 428]
Event: 61.696 Thread 0x00007faa941eb9d0 Exception <a 'java/lang/ArrayIndexOutOfBoundsException'{0x00000000f6b4b8a0}> (0x00000000f6b4b8a0) 
thrown [src/hotspot/share/runtime/sharedRuntime.cpp, line 628]
Event: 61.797 Thread 0x00007faa941eb9d0 Exception <a 'java/lang/ArrayIndexOutOfBoundsException'{0x00000000f6d8f428}> (0x00000000f6d8f428) 
thrown [src/hotspot/share/runtime/sharedRuntime.cpp, line 628]
Event: 62.195 Thread 0x00007faa941eb9d0 Exception <a 'java/lang/NoSuchMethodError'{0x00000000f5604ab0}: 'java.lang.Object java.lang.invoke.DirectMethodHandle$Holder.invokeStatic(java.lang.Object, int, java.lang.Object, java.lang.Object, java.lang.Object, java.lang.Object)'> (0x00000000f5604ab0) 
thrown [src/hotspot/share/interpreter/linkResolver.cpp, line 758]
Event: 62.197 Thread 0x00007faa941eb9d0 Exception <a 'java/lang/NoSuchMethodError'{0x00000000f5719f70}: 'java.lang.Object java.lang.invoke.DirectMethodHandle$Holder.newInvokeSpecial(java.lang.Object, int, java.lang.Object, java.lang.Object, java.lang.Object)'> (0x00000000f5719f70) 
thrown [src/hotspot/share/interpreter/linkResolver.cpp, line 758]
Event: 63.708 Thread 0x00007faa941eb9d0 Exception <a 'java/lang/NoSuchMethodError'{0x00000000f558c740}: 'int java.lang.invoke.DirectMethodHandle$Holder.invokeSpecialIFC(java.lang.Object, java.lang.Object, java.lang.Object, java.lang.Object)'> (0x00000000f558c740) 
thrown [src/hotspot/share/interpreter/linkResolver.cpp, line 758]
Event: 92.987 Thread 0x00007faab8480fe0 Exception <a 'java/lang/OutOfMemoryError'{0x00000000e0004f40}> (0x00000000e0004f40) 
thrown [src/hotspot/share/gc/shared/memAllocator.cpp, line 138]
Event: 92.988 Thread 0x00007faab8480fe0 Implicit null exception at 0x00007fab131659e6 to 0x00007fab13165be6
Event: 171.787 Thread 0x00007fab243e2eb0 Exception <a 'java/lang/ClassNotFoundException'{0x00000000f8b67648}: sun/util/logging/resources/spi/loggingProvider> (0x00000000f8b67648) 
thrown [src/hotspot/share/classfile/systemDictionary.cpp, line 256]
Event: 1239.526 Thread 0x00007faab8480fe0 Exception <a 'java/lang/OutOfMemoryError'{0x00000000e00049a0}> (0x00000000e00049a0) 
thrown [src/hotspot/share/gc/shared/memAllocator.cpp, line 138]
Event: 1239.526 Thread 0x00007faab8480fe0 Implicit null exception at 0x00007fab13215c53 to 0x00007fab132161f1
Event: 1249.329 Thread 0x00007faa88000d70 Exception <a 'java/lang/OutOfMemoryError'{0x00000000e0004720}> (0x00000000e0004720) 
thrown [src/hotspot/share/gc/shared/memAllocator.cpp, line 136]
Event: 1260.611 Thread 0x00007faa88000d70 Exception <a 'java/lang/OutOfMemoryError'{0x00000000e0004720}> (0x00000000e0004720) 
thrown [src/hotspot/share/gc/shared/memAllocator.cpp, line 136]
Event: 1269.431 Thread 0x00007faa88000d70 Exception <a 'java/lang/OutOfMemoryError'{0x00000000e0004720}> (0x00000000e0004720) 
thrown [src/hotspot/share/gc/shared/memAllocator.cpp, line 136]
Event: 1394.299 Thread 0x00007fab240b21e0 Exception <a 'java/lang/OutOfMemoryError'{0x00000000e0004720}> (0x00000000e0004720) 
thrown [src/hotspot/share/gc/shared/memAllocator.cpp, line 136]

VM Operations (20 events):
Event: 1378.727 Executing VM operation: ParallelGCFailedAllocation
Event: 1380.117 Executing VM operation: ParallelGCFailedAllocation done
Event: 1380.117 Executing VM operation: ParallelGCFailedAllocation
Event: 1381.617 Executing VM operation: ParallelGCFailedAllocation done
Event: 1381.617 Executing VM operation: ParallelGCFailedAllocation
Event: 1383.017 Executing VM operation: ParallelGCFailedAllocation done
Event: 1383.017 Executing VM operation: ParallelGCFailedAllocation
Event: 1384.435 Executing VM operation: ParallelGCFailedAllocation done
Event: 1384.484 Executing VM operation: ParallelGCFailedAllocation
Event: 1385.900 Executing VM operation: ParallelGCFailedAllocation done
Event: 1385.901 Executing VM operation: ParallelGCFailedAllocation
Event: 1387.329 Executing VM operation: ParallelGCFailedAllocation done
Event: 1387.329 Executing VM operation: ParallelGCFailedAllocation
Event: 1388.705 Executing VM operation: ParallelGCFailedAllocation done
Event: 1388.705 Executing VM operation: ParallelGCFailedAllocation
Event: 1390.107 Executing VM operation: ParallelGCFailedAllocation done
Event: 1390.107 Executing VM operation: ParallelGCFailedAllocation
Event: 1391.497 Executing VM operation: ParallelGCFailedAllocation done
Event: 1391.497 Executing VM operation: ParallelGCFailedAllocation
Event: 1394.299 Executing VM operation: ParallelGCFailedAllocation done

Events (20 events):
Event: 175.086 loading class java/util/Formatter$DateTime
Event: 175.086 loading class java/util/Formatter$DateTime done
Event: 175.086 loading class java/time/ZonedDateTime$1
Event: 175.086 loading class java/time/ZonedDateTime$1 done
Event: 176.814 Thread 0x00007faa941e0350 Thread added: 0x00007faa941e0350
Event: 176.815 Protecting memory [0x00007fab08000000,0x00007fab08004000] with protection modes 0
Event: 176.885 Thread 0x00007faa941e0d00 Thread added: 0x00007faa941e0d00
Event: 176.886 Protecting memory [0x00007faad0900000,0x00007faad0904000] with protection modes 0
Event: 425.612 Thread 0x00007faab443fed0 Thread exited: 0x00007faab443fed0
Event: 429.122 Thread 0x00007faa84003ae0 Thread exited: 0x00007faa84003ae0
Event: 539.708 Thread 0x00007faab4440660 Thread exited: 0x00007faab4440660
Event: 644.143 Thread 0x00007faa941a4230 Thread exited: 0x00007faa941a4230
Event: 947.934 Thread 0x00007faab4466c60 Thread added: 0x00007faab4466c60
Event: 947.934 Protecting memory [0x00007faad0800000,0x00007faad0804000] with protection modes 0
Event: 964.405 Thread 0x00007faab4466c60 Thread exited: 0x00007faab4466c60
Event: 1252.107 loading class java/lang/AssertionError
Event: 1252.107 loading class java/lang/AssertionError done
Event: 1277.044 loading class java/lang/Throwable$WrappedPrintStream
Event: 1280.109 loading class java/lang/Throwable$WrappedPrintStream done
Event: 1295.532 Thread 0x00007faa88000d70 Thread exited: 0x00007faa88000d70


Dynamic libraries:
e0000000-f4b00000 rw-p 00000000 00:00 0 
f4b00000-fb480000 rw-p 00000000 00:00 0 
fb480000-100000000 ---p 00000000 00:00 0 
800000000-800449000 rw-p 00001000 00:1117 4611686019135357769            /nix/store/gpxl5qgg8kicmcvivwmybwjlpf7wh20l-graalvm17-ce-22.3.0/lib/server/classes.jsa
800449000-800bc8000 r--p 0044a000 00:1117 4611686019135357769            /nix/store/gpxl5qgg8kicmcvivwmybwjlpf7wh20l-graalvm17-ce-22.3.0/lib/server/classes.jsa
800bc8000-800c00000 ---p 00000000 00:00 0 
800c00000-800c10000 rw-p 00000000 00:00 0 
800c10000-800c30000 rw-p 00000000 00:00 0 
800c30000-800cb0000 rw-p 00000000 00:00 0 
800cb0000-800cf0000 rw-p 00000000 00:00 0 
800cf0000-800db0000 rw-p 00000000 00:00 0 
800db0000-800df0000 rw-p 00000000 00:00 0 
800df0000-800f30000 rw-p 00000000 00:00 0 
800f30000-800f70000 rw-p 00000000 00:00 0 
800f70000-800fb0000 rw-p 00000000 00:00 0 
800fb0000-800ff0000 rw-p 00000000 00:00 0 
800ff0000-8011b0000 rw-p 00000000 00:00 0 
8011b0000-8011d0000 rw-p 00000000 00:00 0 
8011d0000-801200000 ---p 00000000 00:00 0 
801200000-801290000 rw-p 00000000 00:00 0 
801290000-840c00000 ---p 00000000 00:00 0 
5555a6e3e000-5555a6e3f000 r-xp 00000000 00:1117 4611686019099417844      /nix/store/gpxl5qgg8kicmcvivwmybwjlpf7wh20l-graalvm17-ce-22.3.0/bin/.java-wrapped
5555a6e40000-5555a6e41000 r--p 00001000 00:1117 4611686019099417844      /nix/store/gpxl5qgg8kicmcvivwmybwjlpf7wh20l-graalvm17-ce-22.3.0/bin/.java-wrapped
5555a6e41000-5555a6e42000 rw-p 00002000 00:1117 4611686019099417844      /nix/store/gpxl5qgg8kicmcvivwmybwjlpf7wh20l-graalvm17-ce-22.3.0/bin/.java-wrapped
5555a6e42000-5555a6e43000 rw-p 00004000 00:1117 4611686019099417844      /nix/store/gpxl5qgg8kicmcvivwmybwjlpf7wh20l-graalvm17-ce-22.3.0/bin/.java-wrapped
5555a6e43000-5555a6e44000 rw-p 00005000 00:1117 4611686019099417844      /nix/store/gpxl5qgg8kicmcvivwmybwjlpf7wh20l-graalvm17-ce-22.3.0/bin/.java-wrapped
5555a7868000-5555a78b0000 rw-p 00000000 00:00 0                          [heap]
7faa54000000-7faa540e1000 rw-p 00000000 00:00 0 
7faa540e1000-7faa58000000 ---p 00000000 00:00 0 
7faa5c000000-7faa5c1bb000 rw-p 00000000 00:00 0 
7faa5c1bb000-7faa60000000 ---p 00000000 00:00 0 
7faa60000000-7faa60070000 rw-p 00000000 00:00 0 
7faa60070000-7faa64000000 ---p 00000000 00:00 0 
7faa64000000-7faa64021000 rw-p 00000000 00:00 0 
7faa64021000-7faa68000000 ---p 00000000 00:00 0 
7faa68000000-7faa68021000 rw-p 00000000 00:00 0 
7faa68021000-7faa6c000000 ---p 00000000 00:00 0 
7faa6c000000-7faa6c021000 rw-p 00000000 00:00 0 
7faa6c021000-7faa70000000 ---p 00000000 00:00 0 
7faa70000000-7faa70021000 rw-p 00000000 00:00 0 
7faa70021000-7faa74000000 ---p 00000000 00:00 0 
7faa74000000-7faa74035000 rw-p 00000000 00:00 0 
7faa74035000-7faa78000000 ---p 00000000 00:00 0 
7faa79800000-7faa79fa0000 rw-p 00000000 00:00 0 
7faa79fa0000-7faa79fc0000 ---p 00000000 00:00 0 
7faa79fc0000-7faa79fd0000 rw-p 00000000 00:00 0 
7faa79fd0000-7faa7a000000 ---p 00000000 00:00 0 
7faa7a4b3000-7faa84000000 r--s 00000000 00:1117 4611686019135192581      /nix/store/gpxl5qgg8kicmcvivwmybwjlpf7wh20l-graalvm17-ce-22.3.0/lib/modules
7faa84000000-7faa84021000 rw-p 00000000 00:00 0 
7faa84021000-7faa88000000 ---p 00000000 00:00 0 
7faa88000000-7faa88021000 rw-p 00000000 00:00 0 
7faa88021000-7faa8c000000 ---p 00000000 00:00 0 
7faa8e800000-7faa8ecb0000 rw-p 00000000 00:00 0 
7faa8ecb0000-7faa8ef70000 rw-p 00000000 00:00 0 
7faa8ef70000-7faa8eff0000 rw-p 00000000 00:00 0 
7faa8eff0000-7faa8f4f0000 rw-p 00000000 00:00 0 
7faa8f4f0000-7faa8f5f0000 rw-p 00000000 00:00 0 
7faa8f5f0000-7faa8f7f0000 rw-p 00000000 00:00 0 
7faa8f7f0000-7faa8f8f0000 rw-p 00000000 00:00 0 
7faa8f8f0000-7faa8faf0000 rw-p 00000000 00:00 0 
7faa8faf0000-7faa8fbf0000 rw-p 00000000 00:00 0 
7faa8fbf0000-7faa8fcf0000 rw-p 00000000 00:00 0 
7faa8fcf0000-7faa8fdf0000 rw-p 00000000 00:00 0 
7faa8fdf0000-7faa8fef0000 rw-p 00000000 00:00 0 
7faa8fef0000-7faa90000000 rw-p 00000000 00:00 0 
7faa90000000-7faa90021000 rw-p 00000000 00:00 0 
7faa90021000-7faa94000000 ---p 00000000 00:00 0 
7faa94000000-7faa941f3000 rw-p 00000000 00:00 0 
7faa941f3000-7faa98000000 ---p 00000000 00:00 0 
7faa98000000-7faa9830a000 rw-p 00000000 00:00 0 
7faa9830a000-7faa9c000000 ---p 00000000 00:00 0 
7faa9c000000-7faa9c021000 rw-p 00000000 00:00 0 
7faa9c021000-7faaa0000000 ---p 00000000 00:00 0 
7faaa0000000-7faaa0143000 rw-p 00000000 00:00 0 
7faaa0143000-7faaa4000000 ---p 00000000 00:00 0 
7faaa4000000-7faaa4069000 rw-p 00000000 00:00 0 
7faaa4069000-7faaa8000000 ---p 00000000 00:00 0 
7faaa8000000-7faaa8021000 rw-p 00000000 00:00 0 
7faaa8021000-7faaac000000 ---p 00000000 00:00 0 
7faaac000000-7faaac050000 rw-p 00000000 00:00 0 
7faaac050000-7faab0000000 ---p 00000000 00:00 0 
7faab0000000-7faab0021000 rw-p 00000000 00:00 0 
7faab0021000-7faab4000000 ---p 00000000 00:00 0 
7faab4000000-7faab45d4000 rw-p 00000000 00:00 0 
7faab45d4000-7faab8000000 ---p 00000000 00:00 0 
7faab8000000-7faab8902000 rw-p 00000000 00:00 0 
7faab8902000-7faabc000000 ---p 00000000 00:00 0 
7faabc000000-7faabc025000 rw-p 00000000 00:00 0 
7faabc025000-7faac0000000 ---p 00000000 00:00 0 
7faac0000000-7faac0021000 rw-p 00000000 00:00 0 
7faac0021000-7faac4000000 ---p 00000000 00:00 0 
7faac4000000-7faac4021000 rw-p 00000000 00:00 0 
7faac4021000-7faac8000000 ---p 00000000 00:00 0 
7faac8000000-7faac8021000 rw-p 00000000 00:00 0 
7faac8021000-7faacc000000 ---p 00000000 00:00 0 
7faacc000000-7faacc0f0000 rw-p 00000000 00:00 0 
7faacc0f0000-7faacc1f0000 rw-p 00000000 00:00 0 
7faacc1f0000-7faacc7f0000 rw-p 00000000 00:00 0 
7faacc7f0000-7faacc8f0000 rw-p 00000000 00:00 0 
7faacc8f0000-7faacc9f0000 rw-p 00000000 00:00 0 
7faacc9f0000-7faacccf0000 rw-p 00000000 00:00 0 
7faacccf0000-7faaccdf0000 rw-p 00000000 00:00 0 
7faaccdf0000-7faacd000000 rw-p 00000000 00:00 0 
7faacd000000-7faacd010000 r-xp 00000000 00:1114 362                      /home/runner/.cache/jdt-language-server/config/org.eclipse.equinox.launcher/org.eclipse.equinox.launcher.gtk.linux.x86_64_1.2.400.v20211117-0650/eclipse_11600.so
7faacd010000-7faacd20f000 ---p 00010000 00:1114 362                      /home/runner/.cache/jdt-language-server/config/org.eclipse.equinox.launcher/org.eclipse.equinox.launcher.gtk.linux.x86_64_1.2.400.v20211117-0650/eclipse_11600.so
7faacd20f000-7faacd210000 r--p 0000f000 00:1114 362                      /home/runner/.cache/jdt-language-server/config/org.eclipse.equinox.launcher/org.eclipse.equinox.launcher.gtk.linux.x86_64_1.2.400.v20211117-0650/eclipse_11600.so
7faacd210000-7faacd211000 rw-p 00010000 00:1114 362                      /home/runner/.cache/jdt-language-server/config/org.eclipse.equinox.launcher/org.eclipse.equinox.launcher.gtk.linux.x86_64_1.2.400.v20211117-0650/eclipse_11600.so
7faace800000-7faace900000 ---p 00000000 00:00 0 
7faace900000-7faaceeaf000 r--p 01122000 00:1117 4611686019135190040      /nix/store/gpxl5qgg8kicmcvivwmybwjlpf7wh20l-graalvm17-ce-22.3.0/lib/libjvmcicompiler.so
7faaceeaf000-7faacf000000 r--p 00000000 00:00 0 
7faacf000000-7faacf03d000 rw-p 00000000 00:00 0 
7faacf03d000-7faacf55d000 rw-p 0185f000 00:1117 4611686019135190040      /nix/store/gpxl5qgg8kicmcvivwmybwjlpf7wh20l-graalvm17-ce-22.3.0/lib/libjvmcicompiler.so
7faacf55d000-7faacf944000 r--p 01d7f000 00:1117 4611686019135190040      /nix/store/gpxl5qgg8kicmcvivwmybwjlpf7wh20l-graalvm17-ce-22.3.0/lib/libjvmcicompiler.so
7faacfa00000-7faacfa04000 ---p 00000000 00:00 0 
7faacfa04000-7faacfb00000 rw-p 00000000 00:00 0 
7faacfb00000-7faacfb04000 ---p 00000000 00:00 0 
7faacfb04000-7faacfc00000 rw-p 00000000 00:00 0 
7faacfd00000-7faacfd04000 ---p 00000000 00:00 0 
7faacfd04000-7faacfe00000 rw-p 00000000 00:00 0 
7faacff00000-7faacff04000 ---p 00000000 00:00 0 
7faacff04000-7faad0000000 rw-p 00000000 00:00 0 
7faad0000000-7faad0004000 ---p 00000000 00:00 0 
7faad0004000-7faad0100000 rw-p 00000000 00:00 0 
7faad0100000-7faad0104000 ---p 00000000 00:00 0 
7faad0104000-7faad0200000 rw-p 00000000 00:00 0 
7faad0300000-7faad0304000 ---p 00000000 00:00 0 
7faad0304000-7faad0400000 rw-p 00000000 00:00 0 
7faad0500000-7faad0504000 ---p 00000000 00:00 0 
7faad0504000-7faad0600000 rw-p 00000000 00:00 0 
7faad0600000-7faad0604000 ---p 00000000 00:00 0 
7faad0604000-7faad0700000 rw-p 00000000 00:00 0 
7faad0700000-7faad0704000 ---p 00000000 00:00 0 
7faad0704000-7faad0800000 rw-p 00000000 00:00 0 
7faad0800000-7faad0804000 ---p 00000000 00:00 0 
7faad0804000-7faad0900000 rw-p 00000000 00:00 0 
7faad0900000-7faad0904000 ---p 00000000 00:00 0 
7faad0904000-7faad0a00000 rw-p 00000000 00:00 0 
7faad1668000-7faad1b00000 rw-p 00000000 00:00 0 
7faad1c00000-7faad3d6a000 r-xp 00000000 00:1117 4611686019135190040      /nix/store/gpxl5qgg8kicmcvivwmybwjlpf7wh20l-graalvm17-ce-22.3.0/lib/libjvmcicompiler.so
7faad3d6a000-7faad3f69000 ---p 0216a000 00:1117 4611686019135190040      /nix/store/gpxl5qgg8kicmcvivwmybwjlpf7wh20l-graalvm17-ce-22.3.0/lib/libjvmcicompiler.so
7faad3f69000-7faad3f6a000 r--p 02169000 00:1117 4611686019135190040      /nix/store/gpxl5qgg8kicmcvivwmybwjlpf7wh20l-graalvm17-ce-22.3.0/lib/libjvmcicompiler.so
7faad3f6a000-7faad3f6c000 rw-p 0216a000 00:1117 4611686019135190040      /nix/store/gpxl5qgg8kicmcvivwmybwjlpf7wh20l-graalvm17-ce-22.3.0/lib/libjvmcicompiler.so
7faad3f6c000-7faad3f6d000 rw-p 00000000 00:00 0 
7faad3f6d000-7faad3f72000 rw-p 023c3000 00:1117 4611686019135190040      /nix/store/gpxl5qgg8kicmcvivwmybwjlpf7wh20l-graalvm17-ce-22.3.0/lib/libjvmcicompiler.so
7faad4000000-7faad4021000 rw-p 00000000 00:00 0 
7faad4021000-7faad8000000 ---p 00000000 00:00 0 
7faad8000000-7faad8021000 rw-p 00000000 00:00 0 
7faad8021000-7faadc000000 ---p 00000000 00:00 0 
7faadc000000-7faadc0e1000 rw-p 00000000 00:00 0 
7faadc0e1000-7faae0000000 ---p 00000000 00:00 0 
7faae0000000-7faae0021000 rw-p 00000000 00:00 0 
7faae0021000-7faae4000000 ---p 00000000 00:00 0 
7faae4000000-7faae40f2000 rw-p 00000000 00:00 0 
7faae40f2000-7faae8000000 ---p 00000000 00:00 0 
7faae8000000-7faae8b19000 rw-p 00000000 00:00 0 
7faae8b19000-7faaec000000 ---p 00000000 00:00 0 
7faaec000000-7faaec021000 rw-p 00000000 00:00 0 
7faaec021000-7faaf0000000 ---p 00000000 00:00 0 
7faaf0000000-7faaf0021000 rw-p 00000000 00:00 0 
7faaf0021000-7faaf4000000 ---p 00000000 00:00 0 
7faaf4000000-7faaf4021000 rw-p 00000000 00:00 0 
7faaf4021000-7faaf8000000 ---p 00000000 00:00 0 
7faaf8000000-7faaf8021000 rw-p 00000000 00:00 0 
7faaf8021000-7faafc000000 ---p 00000000 00:00 0 
7faafc000000-7faafc021000 rw-p 00000000 00:00 0 
7faafc021000-7fab00000000 ---p 00000000 00:00 0 
7fab00000000-7fab00021000 rw-p 00000000 00:00 0 
7fab00021000-7fab04000000 ---p 00000000 00:00 0 
7fab04000000-7fab041db000 rw-p 00000000 00:00 0 
7fab041db000-7fab08000000 ---p 00000000 00:00 0 
7fab08000000-7fab08004000 ---p 00000000 00:00 0 
7fab08004000-7fab08100000 rw-p 00000000 00:00 0 
7fab08100000-7fab08104000 ---p 00000000 00:00 0 
7fab08104000-7fab08200000 rw-p 00000000 00:00 0 
7fab08200000-7fab08204000 ---p 00000000 00:00 0 
7fab08204000-7fab08300000 rw-p 00000000 00:00 0 
7fab08400000-7fab08404000 ---p 00000000 00:00 0 
7fab08404000-7fab08500000 rw-p 00000000 00:00 0 
7fab08500000-7fab08504000 ---p 00000000 00:00 0 
7fab08504000-7fab08600000 rw-p 00000000 00:00 0 
7fab08600000-7fab08604000 ---p 00000000 00:00 0 
7fab08604000-7fab08700000 rw-p 00000000 00:00 0 
7fab08800000-7fab08804000 ---p 00000000 00:00 0 
7fab08804000-7fab08900000 rw-p 00000000 00:00 0 
7fab08a00000-7fab08a04000 ---p 00000000 00:00 0 
7fab08a04000-7fab08b00000 rw-p 00000000 00:00 0 
7fab08b00000-7fab08b04000 ---p 00000000 00:00 0 
7fab08b04000-7fab08c00000 rw-p 00000000 00:00 0 
7fab08c00000-7fab08c04000 ---p 00000000 00:00 0 
7fab08c04000-7fab08d00000 rw-p 00000000 00:00 0 
7fab08e00000-7fab08e04000 ---p 00000000 00:00 0 
7fab08e04000-7fab08f00000 rw-p 00000000 00:00 0 
7fab08ffe000-7fab09002000 ---p 00000000 00:00 0 
7fab09002000-7fab090fe000 rw-p 00000000 00:00 0 
7fab090fe000-7fab090ff000 ---p 00000000 00:00 0 
7fab090ff000-7fab09200000 rw-p 00000000 00:00 0 
7fab09200000-7fab09204000 ---p 00000000 00:00 0 
7fab09204000-7fab09300000 rw-p 00000000 00:00 0 
7fab09300000-7fab09304000 ---p 00000000 00:00 0 
7fab09304000-7fab09400000 rw-p 00000000 00:00 0 
7fab09400000-7fab09404000 ---p 00000000 00:00 0 
7fab09404000-7fab09500000 rw-p 00000000 00:00 0 
7fab09500000-7fab09504000 ---p 00000000 00:00 0 
7fab09504000-7fab09700000 rw-p 00000000 00:00 0 
7fab09700000-7fab09704000 ---p 00000000 00:00 0 
7fab09704000-7fab09900000 rw-p 00000000 00:00 0 
7fab09900000-7fab09904000 ---p 00000000 00:00 0 
7fab09904000-7fab09a00000 rw-p 00000000 00:00 0 
7fab09a00000-7fab09a04000 ---p 00000000 00:00 0 
7fab09a04000-7fab09b00000 rw-p 00000000 00:00 0 
7fab09b00000-7fab09b04000 ---p 00000000 00:00 0 
7fab09b04000-7fab09ff0000 rw-p 00000000 00:00 0 
7fab09ff0000-7fab0a2f0000 rw-p 00000000 00:00 0 
7fab0a2f0000-7fab0a400000 rw-p 00000000 00:00 0 
7fab0a450000-7fab0a454000 ---p 00000000 00:00 0 
7fab0a454000-7fab0a472000 rw-p 00000000 00:00 0 
7fab0a472000-7fab0a479000 r-xp 00000000 00:1117 4611686019135192580      /nix/store/gpxl5qgg8kicmcvivwmybwjlpf7wh20l-graalvm17-ce-22.3.0/lib/libzip.so
7fab0a479000-7fab0a47a000 ---p 00007000 00:1117 4611686019135192580      /nix/store/gpxl5qgg8kicmcvivwmybwjlpf7wh20l-graalvm17-ce-22.3.0/lib/libzip.so
7fab0a47a000-7fab0a47b000 r--p 00007000 00:1117 4611686019135192580      /nix/store/gpxl5qgg8kicmcvivwmybwjlpf7wh20l-graalvm17-ce-22.3.0/lib/libzip.so
7fab0a47b000-7fab0a47c000 rw-p 00008000 00:1117 4611686019135192580      /nix/store/gpxl5qgg8kicmcvivwmybwjlpf7wh20l-graalvm17-ce-22.3.0/lib/libzip.so
7fab0a47c000-7fab0a47e000 rw-p 0000b000 00:1117 4611686019135192580      /nix/store/gpxl5qgg8kicmcvivwmybwjlpf7wh20l-graalvm17-ce-22.3.0/lib/libzip.so
7fab0a47e000-7fab0a493000 r-xp 00000000 00:1117 4611686019135192570      /nix/store/gpxl5qgg8kicmcvivwmybwjlpf7wh20l-graalvm17-ce-22.3.0/lib/libnet.so
7fab0a493000-7fab0a494000 ---p 00015000 00:1117 4611686019135192570      /nix/store/gpxl5qgg8kicmcvivwmybwjlpf7wh20l-graalvm17-ce-22.3.0/lib/libnet.so
7fab0a494000-7fab0a495000 r--p 00015000 00:1117 4611686019135192570      /nix/store/gpxl5qgg8kicmcvivwmybwjlpf7wh20l-graalvm17-ce-22.3.0/lib/libnet.so
7fab0a495000-7fab0a496000 rw-p 00016000 00:1117 4611686019135192570      /nix/store/gpxl5qgg8kicmcvivwmybwjlpf7wh20l-graalvm17-ce-22.3.0/lib/libnet.so
7fab0a496000-7fab0a499000 rw-p 0001b000 00:1117 4611686019135192570      /nix/store/gpxl5qgg8kicmcvivwmybwjlpf7wh20l-graalvm17-ce-22.3.0/lib/libnet.so
7fab0a499000-7fab0a4ac000 r-xp 00000000 00:1117 4611686019135192571      /nix/store/gpxl5qgg8kicmcvivwmybwjlpf7wh20l-graalvm17-ce-22.3.0/lib/libnio.so
7fab0a4ac000-7fab0a4ad000 r--p 00012000 00:1117 4611686019135192571      /nix/store/gpxl5qgg8kicmcvivwmybwjlpf7wh20l-graalvm17-ce-22.3.0/lib/libnio.so
7fab0a4ad000-7fab0a4ae000 rw-p 00013000 00:1117 4611686019135192571      /nix/store/gpxl5qgg8kicmcvivwmybwjlpf7wh20l-graalvm17-ce-22.3.0/lib/libnio.so
7fab0a4ae000-7fab0a4b3000 rw-p 00019000 00:1117 4611686019135192571      /nix/store/gpxl5qgg8kicmcvivwmybwjlpf7wh20l-graalvm17-ce-22.3.0/lib/libnio.so
7fab0a4b3000-7fab0b4b3000 rw-p 00000000 00:00 0 
7fab0b4b3000-7fab0b723000 rwxp 00000000 00:00 0 
7fab0b723000-7fab0ba42000 ---p 00000000 00:00 0 
7fab0ba42000-7fab0cbd2000 rwxp 00000000 00:00 0 
7fab0cbd2000-7fab12f7a000 ---p 00000000 00:00 0 
7fab12f7a000-7fab1324a000 rwxp 00000000 00:00 0 
7fab1324a000-7fab1a4b3000 ---p 00000000 00:00 0 
7fab1a4b3000-7fab24000000 r--s 00000000 00:1117 4611686019135192581      /nix/store/gpxl5qgg8kicmcvivwmybwjlpf7wh20l-graalvm17-ce-22.3.0/lib/modules
7fab24000000-7fab24639000 rw-p 00000000 00:00 0 
7fab24639000-7fab28000000 ---p 00000000 00:00 0 
7fab28004000-7fab28006000 r-xp 00000000 00:1117 4611686019135190017      /nix/store/gpxl5qgg8kicmcvivwmybwjlpf7wh20l-graalvm17-ce-22.3.0/lib/libextnet.so
7fab28006000-7fab28007000 r--p 00001000 00:1117 4611686019135190017      /nix/store/gpxl5qgg8kicmcvivwmybwjlpf7wh20l-graalvm17-ce-22.3.0/lib/libextnet.so
7fab28007000-7fab28008000 rw-p 00002000 00:1117 4611686019135190017      /nix/store/gpxl5qgg8kicmcvivwmybwjlpf7wh20l-graalvm17-ce-22.3.0/lib/libextnet.so
7fab28008000-7fab28009000 rw-p 00004000 00:1117 4611686019135190017      /nix/store/gpxl5qgg8kicmcvivwmybwjlpf7wh20l-graalvm17-ce-22.3.0/lib/libextnet.so
7fab28009000-7fab282ef000 r--p 00000000 00:a09 28444448                  /usr/lib/locale/locale-archive
7fab282ef000-7fab282f3000 ---p 00000000 00:00 0 
7fab282f3000-7fab283ef000 rw-p 00000000 00:00 0 
7fab283ef000-7fab283f3000 ---p 00000000 00:00 0 
7fab283f3000-7fab284ef000 rw-p 00000000 00:00 0 
7fab284ef000-7fab284f0000 ---p 00000000 00:00 0 
7fab284f0000-7fab285f1000 rw-p 00000000 00:00 0 
7fab285f1000-7fab286bf000 r-xp 00000000 00:1117 4611686019135190036      /nix/store/gpxl5qgg8kicmcvivwmybwjlpf7wh20l-graalvm17-ce-22.3.0/lib/libjsvml.so
7fab286bf000-7fab286c0000 r--p 000cd000 00:1117 4611686019135190036      /nix/store/gpxl5qgg8kicmcvivwmybwjlpf7wh20l-graalvm17-ce-22.3.0/lib/libjsvml.so
7fab286c0000-7fab286c1000 rw-p 000ce000 00:1117 4611686019135190036      /nix/store/gpxl5qgg8kicmcvivwmybwjlpf7wh20l-graalvm17-ce-22.3.0/lib/libjsvml.so
7fab286c1000-7fab28f99000 rw-p 00000000 00:00 0 
7fab28f99000-7fab28f9a000 ---p 00000000 00:00 0 
7fab28f9a000-7fab29141000 rw-p 00000000 00:00 0 
7fab29141000-7fab29176000 rw-p 00000000 00:00 0 
7fab29176000-7fab2919b000 ---p 00000000 00:00 0 
7fab2919b000-7fab291a2000 rw-p 00000000 00:00 0 
7fab291a2000-7fab29287000 ---p 00000000 00:00 0 
7fab29287000-7fab292ab000 rw-p 00000000 00:00 0 
7fab292ab000-7fab29372000 ---p 00000000 00:00 0 
7fab29372000-7fab29377000 rw-p 00000000 00:00 0 
7fab29377000-7fab2937e000 ---p 00000000 00:00 0 
7fab2937e000-7fab293a2000 r-xp 00000000 00:1117 4611686019135190028      /nix/store/gpxl5qgg8kicmcvivwmybwjlpf7wh20l-graalvm17-ce-22.3.0/lib/libjava.so
7fab293a2000-7fab293a3000 ---p 00024000 00:1117 4611686019135190028      /nix/store/gpxl5qgg8kicmcvivwmybwjlpf7wh20l-graalvm17-ce-22.3.0/lib/libjava.so
7fab293a3000-7fab293a4000 r--p 00024000 00:1117 4611686019135190028      /nix/store/gpxl5qgg8kicmcvivwmybwjlpf7wh20l-graalvm17-ce-22.3.0/lib/libjava.so
7fab293a4000-7fab293a5000 rw-p 00025000 00:1117 4611686019135190028      /nix/store/gpxl5qgg8kicmcvivwmybwjlpf7wh20l-graalvm17-ce-22.3.0/lib/libjava.so
7fab293a5000-7fab293a6000 rw-p 00000000 00:00 0 
7fab293a6000-7fab293ad000 rw-p 0002f000 00:1117 4611686019135190028      /nix/store/gpxl5qgg8kicmcvivwmybwjlpf7wh20l-graalvm17-ce-22.3.0/lib/libjava.so
7fab293ad000-7fab293b5000 rw-s 00000000 00:94a 359                       /tmp/hsperfdata_runner/20
7fab293b5000-7fab293b6000 ---p 00000000 00:00 0 
7fab293b6000-7fab293b7000 r--p 00000000 00:00 0 
7fab293b7000-7fab293b8000 rwxp 00000000 00:00 0 
7fab293b8000-7fab293d3000 r-xp 00000000 00:1117 4611686019135190032      /nix/store/gpxl5qgg8kicmcvivwmybwjlpf7wh20l-graalvm17-ce-22.3.0/lib/libjimage.so
7fab293d3000-7fab293d4000 ---p 0001b000 00:1117 4611686019135190032      /nix/store/gpxl5qgg8kicmcvivwmybwjlpf7wh20l-graalvm17-ce-22.3.0/lib/libjimage.so
7fab293d4000-7fab293d6000 r--p 0001b000 00:1117 4611686019135190032      /nix/store/gpxl5qgg8kicmcvivwmybwjlpf7wh20l-graalvm17-ce-22.3.0/lib/libjimage.so
7fab293d6000-7fab293d7000 rw-p 0001d000 00:1117 4611686019135190032      /nix/store/gpxl5qgg8kicmcvivwmybwjlpf7wh20l-graalvm17-ce-22.3.0/lib/libjimage.so
7fab293d7000-7fab293d8000 rw-p 00024000 00:1117 4611686019135190032      /nix/store/gpxl5qgg8kicmcvivwmybwjlpf7wh20l-graalvm17-ce-22.3.0/lib/libjimage.so
7fab293d8000-7fab293dc000 ---p 00000000 00:00 0 
7fab293dc000-7fab294d8000 rw-p 00000000 00:00 0 
7fab294d8000-7fab294e6000 r--p 00000000 00:1117 4611686019027979927      /nix/store/4nlgxhb09sdr51nc9hdm8az5b08vzkgx-glibc-2.35-163/lib/libm.so.6
7fab294e6000-7fab29559000 r-xp 0000e000 00:1117 4611686019027979927      /nix/store/4nlgxhb09sdr51nc9hdm8az5b08vzkgx-glibc-2.35-163/lib/libm.so.6
7fab29559000-7fab295b6000 r--p 00081000 00:1117 4611686019027979927      /nix/store/4nlgxhb09sdr51nc9hdm8az5b08vzkgx-glibc-2.35-163/lib/libm.so.6
7fab295b6000-7fab295b7000 r--p 000dd000 00:1117 4611686019027979927      /nix/store/4nlgxhb09sdr51nc9hdm8az5b08vzkgx-glibc-2.35-163/lib/libm.so.6
7fab295b7000-7fab295b8000 rw-p 000de000 00:1117 4611686019027979927      /nix/store/4nlgxhb09sdr51nc9hdm8az5b08vzkgx-glibc-2.35-163/lib/libm.so.6
7fab295b8000-7fab295b9000 r--p 00000000 00:1117 4611686019027979946      /nix/store/4nlgxhb09sdr51nc9hdm8az5b08vzkgx-glibc-2.35-163/lib/librt.so.1
7fab295b9000-7fab295ba000 r-xp 00001000 00:1117 4611686019027979946      /nix/store/4nlgxhb09sdr51nc9hdm8az5b08vzkgx-glibc-2.35-163/lib/librt.so.1
7fab295ba000-7fab295bb000 r--p 00002000 00:1117 4611686019027979946      /nix/store/4nlgxhb09sdr51nc9hdm8az5b08vzkgx-glibc-2.35-163/lib/librt.so.1
7fab295bb000-7fab295bc000 r--p 00002000 00:1117 4611686019027979946      /nix/store/4nlgxhb09sdr51nc9hdm8az5b08vzkgx-glibc-2.35-163/lib/librt.so.1
7fab295bc000-7fab295bd000 rw-p 00003000 00:1117 4611686019027979946      /nix/store/4nlgxhb09sdr51nc9hdm8az5b08vzkgx-glibc-2.35-163/lib/librt.so.1
7fab295bd000-7fab2a6d0000 r-xp 00000000 00:1117 4611686019135360866      /nix/store/gpxl5qgg8kicmcvivwmybwjlpf7wh20l-graalvm17-ce-22.3.0/lib/server/libjvm.so
7fab2a6d0000-7fab2a6d1000 ---p 01113000 00:1117 4611686019135360866      /nix/store/gpxl5qgg8kicmcvivwmybwjlpf7wh20l-graalvm17-ce-22.3.0/lib/server/libjvm.so
7fab2a6d1000-7fab2a786000 r--p 01113000 00:1117 4611686019135360866      /nix/store/gpxl5qgg8kicmcvivwmybwjlpf7wh20l-graalvm17-ce-22.3.0/lib/server/libjvm.so
7fab2a786000-7fab2a7ba000 rw-p 011c8000 00:1117 4611686019135360866      /nix/store/gpxl5qgg8kicmcvivwmybwjlpf7wh20l-graalvm17-ce-22.3.0/lib/server/libjvm.so
7fab2a7ba000-7fab2a816000 rw-p 00000000 00:00 0 
7fab2a816000-7fab2a83e000 r--p 00000000 00:1117 4611686019027979918      /nix/store/4nlgxhb09sdr51nc9hdm8az5b08vzkgx-glibc-2.35-163/lib/libc.so.6
7fab2a83e000-7fab2a9b4000 r-xp 00028000 00:1117 4611686019027979918      /nix/store/4nlgxhb09sdr51nc9hdm8az5b08vzkgx-glibc-2.35-163/lib/libc.so.6
7fab2a9b4000-7fab2aa0c000 r--p 0019e000 00:1117 4611686019027979918      /nix/store/4nlgxhb09sdr51nc9hdm8az5b08vzkgx-glibc-2.35-163/lib/libc.so.6
7fab2aa0c000-7fab2aa10000 r--p 001f6000 00:1117 4611686019027979918      /nix/store/4nlgxhb09sdr51nc9hdm8az5b08vzkgx-glibc-2.35-163/lib/libc.so.6
7fab2aa10000-7fab2aa12000 rw-p 001fa000 00:1117 4611686019027979918      /nix/store/4nlgxhb09sdr51nc9hdm8az5b08vzkgx-glibc-2.35-163/lib/libc.so.6
7fab2aa12000-7fab2aa21000 rw-p 00000000 00:00 0 
7fab2aa21000-7fab2aa22000 r--p 00000000 00:1117 4611686019027979923      /nix/store/4nlgxhb09sdr51nc9hdm8az5b08vzkgx-glibc-2.35-163/lib/libdl.so.2
7fab2aa22000-7fab2aa23000 r-xp 00001000 00:1117 4611686019027979923      /nix/store/4nlgxhb09sdr51nc9hdm8az5b08vzkgx-glibc-2.35-163/lib/libdl.so.2
7fab2aa23000-7fab2aa24000 r--p 00002000 00:1117 4611686019027979923      /nix/store/4nlgxhb09sdr51nc9hdm8az5b08vzkgx-glibc-2.35-163/lib/libdl.so.2
7fab2aa24000-7fab2aa25000 r--p 00002000 00:1117 4611686019027979923      /nix/store/4nlgxhb09sdr51nc9hdm8az5b08vzkgx-glibc-2.35-163/lib/libdl.so.2
7fab2aa25000-7fab2aa26000 rw-p 00003000 00:1117 4611686019027979923      /nix/store/4nlgxhb09sdr51nc9hdm8az5b08vzkgx-glibc-2.35-163/lib/libdl.so.2
7fab2aa26000-7fab2aa27000 r--p 00000000 00:1117 4611686019027979942      /nix/store/4nlgxhb09sdr51nc9hdm8az5b08vzkgx-glibc-2.35-163/lib/libpthread.so.0
7fab2aa27000-7fab2aa28000 r-xp 00001000 00:1117 4611686019027979942      /nix/store/4nlgxhb09sdr51nc9hdm8az5b08vzkgx-glibc-2.35-163/lib/libpthread.so.0
7fab2aa28000-7fab2aa29000 r--p 00002000 00:1117 4611686019027979942      /nix/store/4nlgxhb09sdr51nc9hdm8az5b08vzkgx-glibc-2.35-163/lib/libpthread.so.0
7fab2aa29000-7fab2aa2a000 r--p 00002000 00:1117 4611686019027979942      /nix/store/4nlgxhb09sdr51nc9hdm8az5b08vzkgx-glibc-2.35-163/lib/libpthread.so.0
7fab2aa2a000-7fab2aa2b000 rw-p 00003000 00:1117 4611686019027979942      /nix/store/4nlgxhb09sdr51nc9hdm8az5b08vzkgx-glibc-2.35-163/lib/libpthread.so.0
7fab2aa2b000-7fab2aa39000 r-xp 00000000 00:1117 4611686019135190033      /nix/store/gpxl5qgg8kicmcvivwmybwjlpf7wh20l-graalvm17-ce-22.3.0/lib/libjli.so
7fab2aa39000-7fab2aa3a000 ---p 0000e000 00:1117 4611686019135190033      /nix/store/gpxl5qgg8kicmcvivwmybwjlpf7wh20l-graalvm17-ce-22.3.0/lib/libjli.so
7fab2aa3a000-7fab2aa3b000 r--p 0000e000 00:1117 4611686019135190033      /nix/store/gpxl5qgg8kicmcvivwmybwjlpf7wh20l-graalvm17-ce-22.3.0/lib/libjli.so
7fab2aa3b000-7fab2aa3c000 rw-p 0000f000 00:1117 4611686019135190033      /nix/store/gpxl5qgg8kicmcvivwmybwjlpf7wh20l-graalvm17-ce-22.3.0/lib/libjli.so
7fab2aa3c000-7fab2aa3d000 rw-p 00012000 00:1117 4611686019135190033      /nix/store/gpxl5qgg8kicmcvivwmybwjlpf7wh20l-graalvm17-ce-22.3.0/lib/libjli.so
7fab2aa3d000-7fab2aa40000 r--p 00000000 00:1117 4611686019106210071      /nix/store/026hln0aq1hyshaxsdvhg0kmcm6yf45r-zlib-1.2.13/lib/libz.so.1.2.13
7fab2aa40000-7fab2aa52000 r-xp 00003000 00:1117 4611686019106210071      /nix/store/026hln0aq1hyshaxsdvhg0kmcm6yf45r-zlib-1.2.13/lib/libz.so.1.2.13
7fab2aa52000-7fab2aa59000 r--p 00015000 00:1117 4611686019106210071      /nix/store/026hln0aq1hyshaxsdvhg0kmcm6yf45r-zlib-1.2.13/lib/libz.so.1.2.13
7fab2aa59000-7fab2aa5a000 r--p 0001b000 00:1117 4611686019106210071      /nix/store/026hln0aq1hyshaxsdvhg0kmcm6yf45r-zlib-1.2.13/lib/libz.so.1.2.13
7fab2aa5a000-7fab2aa5b000 rw-p 0001c000 00:1117 4611686019106210071      /nix/store/026hln0aq1hyshaxsdvhg0kmcm6yf45r-zlib-1.2.13/lib/libz.so.1.2.13
7fab2aa5b000-7fab2aa5d000 rw-p 00000000 00:00 0 
7fab2aa5d000-7fab2aa5f000 r--p 00000000 00:1117 4611686019027979912      /nix/store/4nlgxhb09sdr51nc9hdm8az5b08vzkgx-glibc-2.35-163/lib/ld-linux-x86-64.so.2
7fab2aa5f000-7fab2aa86000 r-xp 00002000 00:1117 4611686019027979912      /nix/store/4nlgxhb09sdr51nc9hdm8az5b08vzkgx-glibc-2.35-163/lib/ld-linux-x86-64.so.2
7fab2aa86000-7fab2aa92000 r--p 00029000 00:1117 4611686019027979912      /nix/store/4nlgxhb09sdr51nc9hdm8az5b08vzkgx-glibc-2.35-163/lib/ld-linux-x86-64.so.2
7fab2aa92000-7fab2aa94000 r--p 00034000 00:1117 4611686019027979912      /nix/store/4nlgxhb09sdr51nc9hdm8az5b08vzkgx-glibc-2.35-163/lib/ld-linux-x86-64.so.2
7fab2aa94000-7fab2aa96000 rw-p 00036000 00:1117 4611686019027979912      /nix/store/4nlgxhb09sdr51nc9hdm8az5b08vzkgx-glibc-2.35-163/lib/ld-linux-x86-64.so.2
7ffc04003000-7ffc04027000 rw-p 00000000 00:00 0                          [stack]
7ffc040ae000-7ffc040b2000 r--p 00000000 00:00 0                          [vvar]
7ffc040b2000-7ffc040b4000 r-xp 00000000 00:00 0                          [vdso]
ffffffffff600000-ffffffffff601000 --xp 00000000 00:00 0                  [vsyscall]


VM Arguments:
jvm_args: -XX:ThreadPriorityPolicy=1 -XX:+UnlockExperimentalVMOptions -XX:+EnableJVMCIProduct -XX:JVMCIThreadsPerNativeLibraryRuntime=1 -XX:-UnlockExperimentalVMOptions -Declipse.application=org.eclipse.jdt.ls.core.id1 -Dosgi.bundles.defaultStartLevel=4 -Declipse.product=org.eclipse.jdt.ls.core.product -Dlog.level=ALL -Xverify:none -XX:+UseParallelGC -XX:GCTimeRatio=4 -XX:AdaptiveSizePolicyWeight=90 -Dsun.zip.disableMemoryMapping=true -Xmx512m -Xms100m 
java_command: /nix/store/m6gcpi1ii6rghy04cjwjddcavv7i90df-jdt-language-server-1.9.0/share/java/plugins/org.eclipse.equinox.launcher_1.6.400.v20210924-0641.jar --add-modules=ALL-SYSTEM --add-opens java.base/java.util=ALL-UNNAMED --add-opens java.base/java.lang=ALL-UNNAMED -configuration /home/runner/.cache/jdt-language-server/config -data /home/runner/.cache/jdt-language-server/data/home/runner/APCSA-StevenW
java_class_path (initial): /nix/store/m6gcpi1ii6rghy04cjwjddcavv7i90df-jdt-language-server-1.9.0/share/java/plugins/org.eclipse.equinox.launcher_1.6.400.v20210924-0641.jar
Launcher Type: SUN_STANDARD

[Global flags]
    uintx AdaptiveSizePolicyWeight                 = 90                                        {product} {command line}
     intx CICompilerCount                          = 2                                         {product} {ergonomic}
     bool EnableJVMCIProduct                       = true                                {JVMCI product} {jimage}
    uintx GCTimeRatio                              = 4                                         {product} {command line}
   size_t InitialHeapSize                          = 104857600                                 {product} {command line}
     uint JVMCIThreadsPerNativeLibraryRuntime      = 1                                   {JVMCI product} {jimage}
   size_t MaxHeapSize                              = 536870912                                 {product} {command line}
   size_t MaxNewSize                               = 178782208                                 {product} {ergonomic}
   size_t MinHeapDeltaBytes                        = 524288                                    {product} {ergonomic}
   size_t MinHeapSize                              = 104857600                                 {product} {command line}
   size_t NewSize                                  = 34603008                                  {product} {ergonomic}
    uintx NonNMethodCodeHeapSize                   = 5826188                                {pd product} {ergonomic}
    uintx NonProfiledCodeHeapSize                  = 122916026                              {pd product} {ergonomic}
   size_t OldSize                                  = 70254592                                  {product} {ergonomic}
    uintx ProfiledCodeHeapSize                     = 122916026                              {pd product} {ergonomic}
    uintx ReservedCodeCacheSize                    = 251658240                              {pd product} {ergonomic}
     bool SegmentedCodeCache                       = true                                      {product} {ergonomic}
   size_t SoftMaxHeapSize                          = 536870912                              {manageable} {ergonomic}
     intx ThreadPriorityPolicy                     = 1                                         {product} {jimage}
     bool UseCompressedClassPointers               = true                           {product lp64_product} {ergonomic}
     bool UseCompressedOops                        = true                           {product lp64_product} {ergonomic}
     bool UseParallelGC                            = true                                      {product} {command line}

Logging:
Log output configuration:
 #0: stdout all=warning uptime,level,tags
 #1: stderr all=off uptime,level,tags

Environment Variables:
JAVA_HOME=/nix/store/gpxl5qgg8kicmcvivwmybwjlpf7wh20l-graalvm17-ce-22.3.0
PATH=/nix/store/1d6ian3r8kdzspw8hacjhl3xkp40g1lj-binutils-wrapper-2.39/bin:/nix/store/dq0xwmsk1g0i2ayg6pb7y87na2knzylh-gcc-wrapper-11.3.0/bin:/nix/store/bap4d0lpcrhpwmpb8ayjcgkmvfj62lnq-bash-interactive-5.1-p16/bin:/nix/store/pr5n59mb4jzmfx6kanwxly0l07p861fg-patchelf-0.15.0/bin:/nix/store/1gf2flfqnpqbr1b4p4qz2f72y42bs56r-gcc-11.3.0/bin:/nix/store/57xv61c5zi8pphjbcwxxjlgc34p61ic9-glibc-2.35-163-bin/bin:/nix/store/a7gvj343m05j2s32xcnwr35v31ynlypr-coreutils-9.1/bin:/nix/store/039g378vc3pc3dvi9dzdlrd0i4q93qwf-binutils-2.39/bin:/nix/store/gpxl5qgg8kicmcvivwmybwjlpf7wh20l-graalvm17-ce-22.3.0/bin:/nix/store/6z9ag3ihc8mq2hzsw48lhbznvzny65nz-apache-maven-3.8.6/bin:/nix/store/m6gcpi1ii6rghy04cjwjddcavv7i90df-jdt-language-server-1.9.0/bin:/nix/store/84xs5alhs01zrbr4ywm05kxbjbp5590l-java-debug/bin:/nix/store/mydc6f4k2z73xlcz7ilif3v2lcaiqvza-findutils-4.9.0/bin:/nix/store/j9p3g8472iijd50vhdprx0nmk2fqn5gv-diffutils-3.8/bin:/nix/store/89zs7rms6x00xfq4dq6m7mjnhkr8a6r4-gnused-4.8/bin:/nix/store/86bp03jkmsl6f92w0yzg4s59g5mhxwmy-gnugrep-3.7/bin:/nix/store/hwcdqw4jrjnd37wxqgsd47hd0j8bnj09-gawk-5.1.1/bin:/nix/store/cfbhw8r8ags41vwqaz47r583d0p4h4a1-gnutar-1.34/bin:/nix/store/p3m1ndl1lapwrlh698bnb5lvvxh67378-gzip-1.12/bin:/nix/store/a8mhcagrsly7c7mpjrpsnaahk4aax056-bzip2-1.0.8-bin/bin:/nix/store/mblgz65m3zv9x548a3d5m96fj2pbwr09-gnumake-4.3/bin:/nix/store/dsd5gz46hdbdk2rfdimqddhq6m8m8fqs-bash-5.1-p16/bin:/nix/store/v7ljksji50mg3w61dykaa3n3y79n6nil-patch-2.7.6/bin:/nix/store/zlcnmqq14jz5x9439jf937mvayyl63da-xz-5.2.7-bin/bin:/nix/store/y6aj732zm9m87c82fpvf103a1xb22blp-file-5.43/bin:/nix/store/i4kzir3m7mrisxmf5xvlnkw01x4qaqr4-prybar-elisp-0.0.0-e0d9a52/bin:/nix/store/lwwivxf6h7x3cvxp9zv8sj0mv7dak99r-prybar-lua-0.0.0-e0d9a52/bin:/nix/store/gxj28g1cg4hq3qanmjv07156h800qr58-prybar-python3-0.0.0-e0d9a52/bin:/nix/store/hshkjnxrgidigf8x75vg6lqng2xlx9i3-prybar-sqlite-0.0.0-e0d9a52/bin:/nix/store/c4w01bpjgyy5ixmwdk8m1pw87zq4sl26-prybar-tcl-0.0.0-e0d9a52/bin:/nix/store/hpbvrlwd5viqmvcaisb3x0118i913a9n-st
LD_LIBRARY_PATH=/nix/store/a4pff549sk2idnkpzk5nsfps3mdkdnvm-cups-2.4.2-lib/lib:/nix/store/72mqxxhh3cy5yifh92wh2yb8cl2hikyy-cairo-1.16.0/lib:/nix/store/2k366jrbsra97gjfxwvrhvixjfxdach5-glib-2.74.1/lib:/nix/store/2j2znigd8ak37rlwh9khz0ry3clqlw1l-gtk+3-3.24.34/lib:/nix/store/hisqvx32cd57apbpcsnkpx6k3549wql1-libglvnd-1.4.0/lib:/nix/store/p36pgcv991mq5srvg765b78yqpxvk3qs-mesa-21.3.3-drivers/lib:/nix/store/mav4251if1ahjq5vkpwycyyvnmy459c4-pulseaudio-14.2/lib
DISPLAY=:0
LANG=en_US.UTF-8

Signal Handlers:
   SIGSEGV: crash_handler in libjvm.so, mask=11100100010111111101111111111110, flags=SA_RESTART|SA_SIGINFO
    SIGBUS: crash_handler in libjvm.so, mask=11100100010111111101111111111110, flags=SA_RESTART|SA_SIGINFO
    SIGFPE: crash_handler in libjvm.so, mask=11100100010111111101111111111110, flags=SA_RESTART|SA_SIGINFO
   SIGPIPE: IsolateEnterStub_IgnoreSIGPIPEStartupHook_noopSignalHandler_8f19bff2f35b5f630d83b364d6b2339320d4ec70_216e8361c6bc87a8f89f58cc10d3b2fd4415bf87 in libjvmcicompiler.so, mask=00000000000000000000000000000000, flags=SA_RESTART
  *** Handler was modified!
  *** Expected: javaSignalHandler in libjvm.so, mask=11100100110111111111111111111110, flags=SA_RESTART|SA_SIGINFO
   SIGXFSZ: javaSignalHandler in libjvm.so, mask=11100100010111111101111111111110, flags=SA_RESTART|SA_SIGINFO
    SIGILL: crash_handler in libjvm.so, mask=11100100010111111101111111111110, flags=SA_RESTART|SA_SIGINFO
   SIGUSR2: SR_handler in libjvm.so, mask=00000000000000000000000000000000, flags=SA_RESTART|SA_SIGINFO
    SIGHUP: UserHandler in libjvm.so, mask=11100100010111111101111111111110, flags=SA_RESTART|SA_SIGINFO
    SIGINT: UserHandler in libjvm.so, mask=11100100010111111101111111111110, flags=SA_RESTART|SA_SIGINFO
   SIGTERM: UserHandler in libjvm.so, mask=11100100010111111101111111111110, flags=SA_RESTART|SA_SIGINFO
   SIGQUIT: UserHandler in libjvm.so, mask=11100100010111111101111111111110, flags=SA_RESTART|SA_SIGINFO
  *** Handler was modified!
  *** Expected: javaSignalHandler in libjvm.so, mask=11100100110111111111111111111110, flags=SA_RESTART|SA_SIGINFO
   SIGTRAP: crash_handler in libjvm.so, mask=11100100010111111101111111111110, flags=SA_RESTART|SA_SIGINFO


---------------  S Y S T E M  ---------------

OS:
DISTRIB_ID=Ubuntu
DISTRIB_RELEASE=20.04
DISTRIB_CODENAME=focal
DISTRIB_DESCRIPTION="Ubuntu 20.04.2 LTS"
uname: Linux 6.2.0-1011-gcp #11~22.04.1-Ubuntu SMP Wed Aug  2 05:19:58 UTC 2023 x86_64
OS uptime: 0 days 14:57 hours
libc: glibc 2.35 NPTL 2.35 
rlimit (soft/hard): STACK 8192k/infinity , CORE infinity/infinity , NPROC infinity/infinity , NOFILE 5242/5242 , AS infinity/infinity , CPU infinity/infinity , DATA infinity/infinity , FSIZE infinity/infinity , MEMLOCK 8192k/8192k
load average: 30.12 21.35 14.85

/proc/meminfo:
MemTotal:       65835952 kB
MemFree:        32792000 kB
MemAvailable:   44045636 kB
Buffers:          413632 kB
Cached:         10248784 kB
SwapCached:            0 kB
Active:          5213888 kB
Inactive:       24987968 kB
Active(anon):      21780 kB
Inactive(anon): 19609228 kB
Active(file):    5192108 kB
Inactive(file):  5378740 kB
Unevictable:       29220 kB
Mlocked:           29220 kB
SwapTotal:             0 kB
SwapFree:              0 kB
Zswap:                 0 kB
Zswapped:              0 kB
Dirty:              3836 kB
Writeback:           232 kB
AnonPages:      17958220 kB
Mapped:          1691908 kB
Shmem:            214616 kB
KReclaimable:    1409240 kB
Slab:            2049052 kB
SReclaimable:    1409240 kB
SUnreclaim:       639812 kB
KernelStack:      174368 kB
PageTables:       232848 kB
SecPageTables:         0 kB
NFS_Unstable:          0 kB
Bounce:                0 kB
WritebackTmp:          0 kB
CommitLimit:    32917976 kB
Committed_AS:   69913780 kB
VmallocTotal:   34359738367 kB
VmallocUsed:      202584 kB
VmallocChunk:          0 kB
Percpu:            29504 kB
HardwareCorrupted:     0 kB
AnonHugePages:   2156544 kB
ShmemHugePages:        0 kB
ShmemPmdMapped:        0 kB
FileHugePages:         0 kB
FilePmdMapped:         0 kB
HugePages_Total:       0
HugePages_Free:        0
HugePages_Rsvd:        0
HugePages_Surp:        0
Hugepagesize:       2048 kB
Hugetlb:               0 kB
DirectMap4k:      314168 kB
DirectMap2M:    30091264 kB
DirectMap1G:    38797312 kB

/sys/kernel/mm/transparent_hugepage/enabled: always [madvise] never
/sys/kernel/mm/transparent_hugepage/defrag (defrag/compaction efforts parameter): always defer defer+madvise [madvise] never

Process Memory:
Virtual Size: 4921432K (peak: 5007164K)
Resident Set Size: 793892K (peak: 829896K) (anon: 598256K, file: 195636K, shmem: 0K)
Swapped out: 0K
C-Heap outstanding allocations: 44741K, retained: 17774K
glibc malloc tunables: (default)

/proc/sys/kernel/threads-max (system-wide limit on the number of threads): 514277
/proc/sys/vm/max_map_count (maximum number of memory map areas a process may have): 65530
/proc/sys/kernel/pid_max (system-wide limit on number of process identifiers): 4194304

container (cgroup) information:
container_type: cgroupv1
cpu_cpuset_cpus: 2-7
cpu_memory_nodes: 0
active_processor_count: 1
cpu_quota: 50000
cpu_period: 100000
cpu_shares: 512
memory_limit_in_bytes: 1048576 k
memory_and_swap_limit_in_bytes: 1048576 k
memory_soft_limit_in_bytes: 524288 k
memory_usage_in_bytes: 758788 k
memory_max_usage_in_bytes: 848648 k
maximum number of tasks: 1000
current number of tasks: 49

KVM virtualization detected
Steal ticks since vm start: 2113
Steal ticks percentage since vm start:  0.002

CPU: total 8 (initial active 1) (8 cores per cpu, 2 threads per core) family 23 model 49 stepping 0 microcode 0xffffffff, cx8, cmov, fxsr, ht, mmx, 3dnowpref, sse, sse2, sse3, ssse3, sse4a, sse4.1, sse4.2, popcnt, lzcnt, tsc, tscinvbit, avx, avx2, aes, clmul, bmi1, bmi2, adx, sha, fma, vzeroupper, clflush, clflushopt, hv
CPU Model and flags from /proc/cpuinfo:
model name	: AMD EPYC 7B12
flags		: fpu vme de pse tsc msr pae mce cx8 apic sep mtrr pge mca cmov pat pse36 clflush mmx fxsr sse sse2 ht syscall nx mmxext fxsr_opt pdpe1gb rdtscp lm constant_tsc rep_good nopl nonstop_tsc cpuid extd_apicid tsc_known_freq pni pclmulqdq ssse3 fma cx16 sse4_1 sse4_2 movbe popcnt aes xsave avx f16c rdrand hypervisor lahf_lm cmp_legacy cr8_legacy abm sse4a misalignsse 3dnowprefetch osvw topoext ssbd ibrs ibpb stibp vmmcall fsgsbase tsc_adjust bmi1 avx2 smep bmi2 rdseed adx smap clflushopt clwb sha_ni xsaveopt xsavec xgetbv1 clzero xsaveerptr arat npt nrip_save umip rdpid

Online cpus: 0-7
Offline cpus: 
BIOS frequency limitation: <Not Available>
Frequency switch latency (ns): <Not Available>
Available cpu frequencies: <Not Available>
Current governor: <Not Available>
Core performance/turbo boost: <Not Available>

Memory: 4k page, physical 1048576k(289784k free), swap 0k(0k free)
Page Sizes: 4k

vm_info: OpenJDK 64-Bit Server VM (17.0.5+8-jvmci-22.3-b08) for linux-amd64 JRE (17.0.5+8-jvmci-22.3-b08), built on Oct 19 2022 09:01:27 by "buildslave" with gcc 10.3.0

END.
